[11:10:27:99]Message:\\192.168.1.232\C$\Users\Administrator\Desktop\gcb\yx哈想了.doc开始读取正常字符

[11:10:30:267]Message:开始读取文本框

[11:10:30:464]Message:开始关闭word

[11:10:36:329]Message:\\192.168.1.232\C$\Users\Administrator\Desktop\gcb\工程测绘_王琳琳_朱伟刚.doc开始读取正常字符

[11:10:38:681]Message:开始读取文本框

[11:10:38:689]Message:开始关闭word

[11:10:45:441]Message:\\192.168.1.232\C$\Users\Administrator\Desktop\gcb\水利-赵丙芳.doc开始读取正常字符

[11:10:46:740]Message:开始读取文本框

[11:10:46:755]Message:开始关闭word

[11:11:1:969]Message:\\192.168.1.232\C$\Users\Administrator\Desktop\gcb\水利-马可.docx开始读取正常字符

[11:11:4:189]Message:开始读取文本框

[11:11:16:225]Error:读取文本框出错

[11:11:16:226]Message:开始关闭word

[11:11:16:239]Error:关闭word出错

[11:11:21:882]Message:\\192.168.1.232\C$\Users\Administrator\Desktop\gcb\牛心宇正式论文.doc开始读取正常字符

[11:11:22:926]Message:开始读取文本框

[11:11:22:943]Message:开始关闭word

[11:11:29:130]Message:\\192.168.1.232\C$\Users\Administrator\Desktop\gcb\王要锋毕业论文.doc开始读取正常字符

[11:11:30:210]Message:开始读取文本框

[11:11:30:225]Message:开始关闭word

[11:11:35:512]Message:\\192.168.1.232\C$\Users\Administrator\Desktop\gcb\硕士学位论文-冯清(终稿1).doc开始读取正常字符

[11:11:36:863]Message:开始读取文本框

[11:11:36:909]Message:开始关闭word

[11:11:42:506]Message:\\192.168.1.232\C$\Users\Administrator\Desktop\gcb\结构工程-李康最后稿.doc开始读取正常字符

[11:11:43:547]Message:开始读取文本框

[11:11:43:565]Message:开始关闭word

[11:11:49:225]Message:\\192.168.1.232\C$\Users\Administrator\Desktop\gcb\老牛真好.doc开始读取正常字符

[11:11:50:171]Message:开始读取文本框

[11:11:50:186]Message:开始关闭word

[11:11:54:62]Message:\\192.168.1.232\C$\Users\Administrator\Desktop\gcb\论语我.doc开始读取正常字符

[11:11:55:43]Message:开始读取文本框

[11:11:55:66]Message:开始关闭word

[11:28:36:90]Message:\\192.168.1.232\D$\work\61875\20150325\130717265147944759\1012\2056\20150325003\gcb\yx哈想了.doc开始读取正常字符

[11:28:37:158]Message:开始读取文本框

[11:28:37:237]Message:开始关闭word

[11:28:41:442]Message:\\192.168.1.232\D$\work\61875\20150325\130717265147944759\1012\2056\20150325003\gcb\工程测绘_王琳琳_朱伟刚.doc开始读取正常字符

[11:28:42:431]Message:开始读取文本框

[11:28:42:441]Message:开始关闭word

[11:28:48:760]Message:\\192.168.1.232\D$\work\61875\20150325\130717265147944759\1012\2056\20150325003\gcb\水利-赵丙芳.doc开始读取正常字符

[11:28:50:161]Message:开始读取文本框

[11:28:50:196]Message:开始关闭word

[11:29:2:138]Message:\\192.168.1.232\D$\work\61875\20150325\130717265147944759\1012\2056\20150325003\gcb\水利-马可.docx开始读取正常字符

[11:29:3:774]Message:开始读取文本框

[11:29:12:440]Error:读取文本框出错

[11:29:12:441]Message:开始关闭word

[11:29:12:455]Error:关闭word出错

[11:29:16:939]Message:\\192.168.1.232\D$\work\61875\20150325\130717265147944759\1012\2056\20150325003\gcb\牛心宇正式论文.doc开始读取正常字符

[11:29:17:926]Message:开始读取文本框

[11:29:17:961]Message:开始关闭word

[11:30:27:107]Message:\\192.168.1.232\D$\work\61875\20150325\130717265147944759\1012\2056\20150325003\gcb\王要锋毕业论文.doc开始读取正常字符

[11:30:28:237]Message:开始读取文本框

[11:30:28:259]Message:开始关闭word

[11:31:17:401]Message:\\192.168.1.232\D$\work\61875\20150325\130717265147944759\1012\2056\20150325003\gssdfgsdfgsd\yx哈想了.doc开始读取正常字符

[11:31:18:368]Message:开始读取文本框

[11:31:18:426]Message:开始关闭word

[11:31:22:393]Message:\\192.168.1.232\D$\work\61875\20150325\130717265147944759\1012\2056\20150325003\gssdfgsdfgsd\工程测绘_王琳琳_朱伟刚.doc开始读取正常字符

[11:31:23:610]Message:开始读取文本框

[11:31:23:623]Message:开始关闭word

[11:31:29:325]Message:\\192.168.1.232\D$\work\61875\20150325\130717265147944759\1012\2056\20150325003\gssdfgsdfgsd\水利-赵丙芳.doc开始读取正常字符

[11:31:30:584]Message:开始读取文本框

[11:31:30:608]Message:开始关闭word

[11:31:45:585]Message:\\192.168.1.232\D$\work\61875\20150325\130717265147944759\1012\2056\20150325003\gssdfgsdfgsd\水利-马可.docx开始读取正常字符

[11:31:47:596]Message:开始读取文本框

[11:31:55:679]Error:读取文本框出错

[11:31:55:679]Message:开始关闭word

[11:31:55:695]Error:关闭word出错

[11:32:4:595]Message:\\192.168.1.232\D$\work\61875\20150325\130717265147944759\1012\2056\20150325003\gssdfgsdfgsd\牛心宇正式论文.doc开始读取正常字符

[11:32:5:734]Message:开始读取文本框

[11:32:5:821]Message:开始关闭word

[11:32:10:871]Message:\\192.168.1.232\D$\work\61875\20150325\130717265147944759\1012\2056\20150325003\gssdfgsdfgsd\王要锋毕业论文.doc开始读取正常字符

[11:32:11:870]Message:开始读取文本框

[11:32:11:917]Message:开始关闭word

[11:32:17:866]Message:\\192.168.1.232\D$\work\61875\20150325\130717265147944759\1012\2056\20150325003\gssdfgsdfgsd\硕士学位论文-冯清(终稿1).doc开始读取正常字符

[11:32:18:936]Message:开始读取文本框

[11:32:18:967]Message:开始关闭word

[11:32:31:724]Message:\\192.168.1.232\D$\work\61875\20150325\130717265147944759\1012\2056\20150325003\gssdfgsdfgsd\结构工程-李康最后稿.doc开始读取正常字符

[11:32:32:775]Message:开始读取文本框

[11:32:32:830]Message:开始关闭word

[11:32:58:233]Message:\\192.168.1.232\D$\work\61875\20150325\130717265147944759\1012\2056\20150325003\gssdfgsdfgsd\老牛真好.doc开始读取正常字符

[11:32:59:232]Message:开始读取文本框

[11:32:59:252]Message:开始关闭word

[11:33:3:652]Message:\\192.168.1.232\D$\work\61875\20150325\130717265147944759\1012\2056\20150325003\gssdfgsdfgsd\论语我.doc开始读取正常字符

[11:33:4:574]Message:开始读取文本框

[11:33:4:592]Message:开始关闭word

