[11:6:9:534]Message:\\192.168.1.232\C$\Users\Administrator\Desktop\gdfsgjh\yx哈想了.doc开始读取正常字符

[11:6:11:334]Message:开始读取文本框

[11:6:11:739]Message:开始关闭word

[11:6:23:726]Message:\\192.168.1.232\C$\Users\Administrator\Desktop\gdfsgjh\工程测绘_王琳琳_朱伟刚.doc开始读取正常字符

[11:6:25:197]Message:开始读取文本框

[11:6:25:204]Message:开始关闭word

[11:6:43:877]Message:\\192.168.1.232\C$\Users\Administrator\Desktop\gdfsgjh\水利-赵丙芳.doc开始读取正常字符

[11:6:46:42]Message:开始读取文本框

[11:6:46:73]Message:开始关闭word

[11:7:14:800]Message:\\192.168.1.232\C$\Users\Administrator\Desktop\gdfsgjh\水利-马可.docx开始读取正常字符

[11:7:17:660]Message:开始读取文本框

[11:7:33:42]Error:读取文本框出错

[11:7:33:43]Message:开始关闭word

[11:7:33:56]Error:关闭word出错

[11:7:39:137]Message:\\192.168.1.232\C$\Users\Administrator\Desktop\gdfsgjh\牛心宇正式论文.doc开始读取正常字符

[11:7:41:73]Message:开始读取文本框

[11:7:41:100]Message:开始关闭word

[11:7:51:893]Message:\\192.168.1.232\C$\Users\Administrator\Desktop\gdfsgjh\王要锋毕业论文.doc开始读取正常字符

[11:7:53:145]Message:开始读取文本框

[11:7:53:163]Message:开始关闭word

[11:8:3:131]Message:\\192.168.1.232\C$\Users\Administrator\Desktop\gdfsgjh\硕士学位论文-冯清(终稿1).doc开始读取正常字符

[11:8:4:349]Message:开始读取文本框

[11:8:4:367]Message:开始关闭word

[11:8:13:698]Message:\\192.168.1.232\C$\Users\Administrator\Desktop\gdfsgjh\结构工程-李康最后稿.doc开始读取正常字符

[11:8:15:481]Message:开始读取文本框

[11:8:15:726]Message:开始关闭word

[11:8:24:348]Message:\\192.168.1.232\C$\Users\Administrator\Desktop\gdfsgjh\老牛真好.doc开始读取正常字符

[11:8:25:813]Message:开始读取文本框

[11:8:25:835]Message:开始关闭word

[11:8:47:555]Message:\\192.168.1.232\C$\Users\Administrator\Desktop\gdfsgjh\论语我.doc开始读取正常字符

[11:8:50:601]Message:开始读取文本框

[11:8:50:644]Message:开始关闭word

[17:56:55:883]Message:\\192.168.1.232\C$\Users\Administrator\Desktop\244s\yx哈想了.doc开始读取正常字符

[17:56:57:762]Message:开始读取文本框

[17:56:58:14]Message:开始关闭word

[17:57:4:494]Message:\\192.168.1.232\C$\Users\Administrator\Desktop\244s\工程测绘_王琳琳_朱伟刚.doc开始读取正常字符

[17:57:5:689]Message:开始读取文本框

[17:57:5:698]Message:开始关闭word

[17:57:12:31]Message:\\192.168.1.232\C$\Users\Administrator\Desktop\244s\水利-赵丙芳.doc开始读取正常字符

[17:57:13:544]Message:开始读取文本框

[17:57:13:572]Message:开始关闭word

[17:57:27:699]Message:\\192.168.1.232\C$\Users\Administrator\Desktop\244s\水利-马可.docx开始读取正常字符

[17:57:29:660]Message:开始读取文本框

[17:57:37:75]Error:读取文本框出错

[17:57:37:75]Message:开始关闭word

[17:57:37:89]Error:关闭word出错

[17:57:41:815]Message:\\192.168.1.232\C$\Users\Administrator\Desktop\244s\牛心宇正式论文.doc开始读取正常字符

[17:57:42:948]Message:开始读取文本框

[17:57:42:966]Message:开始关闭word

[17:57:48:813]Message:\\192.168.1.232\C$\Users\Administrator\Desktop\244s\王要锋毕业论文.doc开始读取正常字符

[17:57:49:896]Message:开始读取文本框

[17:57:49:927]Message:开始关闭word

[17:57:55:509]Message:\\192.168.1.232\C$\Users\Administrator\Desktop\244s\硕士学位论文-冯清(终稿1).doc开始读取正常字符

[17:57:56:623]Message:开始读取文本框

[17:57:56:639]Message:开始关闭word

[17:58:2:307]Message:\\192.168.1.232\C$\Users\Administrator\Desktop\244s\结构工程-李康最后稿.doc开始读取正常字符

[17:58:3:539]Message:开始读取文本框

[17:58:3:602]Message:开始关闭word

[17:58:8:57]Message:\\192.168.1.232\C$\Users\Administrator\Desktop\244s\老牛真好.doc开始读取正常字符

[17:58:9:85]Message:开始读取文本框

[17:58:9:101]Message:开始关闭word

[17:58:12:911]Message:\\192.168.1.232\C$\Users\Administrator\Desktop\244s\论语我.doc开始读取正常字符

[17:58:13:962]Message:开始读取文本框

[17:58:13:981]Message:开始关闭word

[18:13:4:832]Message:\\192.168.1.232\C$\Users\Administrator\Desktop\fg44\yx哈想了.doc开始读取正常字符

[18:13:6:183]Message:开始读取文本框

[18:13:6:298]Message:开始关闭word

[18:16:16:454]Message:\\192.168.1.232\C$\Users\Administrator\Desktop\fg44\工程测绘_王琳琳_朱伟刚.doc开始读取正常字符

[18:16:17:639]Message:开始读取文本框

[18:16:17:649]Message:开始关闭word

[18:16:26:239]Message:\\192.168.1.232\C$\Users\Administrator\Desktop\fg44\水利-赵丙芳.doc开始读取正常字符

[18:16:27:621]Message:开始读取文本框

[18:16:27:641]Message:开始关闭word

[18:16:41:830]Message:\\192.168.1.232\C$\Users\Administrator\Desktop\fg44\水利-马可.docx开始读取正常字符

[18:16:43:581]Message:开始读取文本框

[18:16:50:881]Error:读取文本框出错

[18:16:50:881]Message:开始关闭word

[18:16:50:896]Error:关闭word出错

[18:16:55:858]Message:\\192.168.1.232\C$\Users\Administrator\Desktop\fg44\牛心宇正式论文.doc开始读取正常字符

[18:16:57:92]Message:开始读取文本框

[18:16:57:112]Message:开始关闭word

[18:17:3:798]Message:\\192.168.1.232\C$\Users\Administrator\Desktop\fg44\王要锋毕业论文.doc开始读取正常字符

[18:17:4:972]Message:开始读取文本框

[18:17:4:998]Message:开始关闭word

[18:17:10:625]Message:\\192.168.1.232\C$\Users\Administrator\Desktop\fg44\硕士学位论文-冯清(终稿1).doc开始读取正常字符

[18:17:11:811]Message:开始读取文本框

[18:17:11:830]Message:开始关闭word

[18:17:17:122]Message:\\192.168.1.232\C$\Users\Administrator\Desktop\fg44\结构工程-李康最后稿.doc开始读取正常字符

[18:17:18:367]Message:开始读取文本框

[18:17:18:424]Message:开始关闭word

[18:17:22:691]Message:\\192.168.1.232\C$\Users\Administrator\Desktop\fg44\老牛真好.doc开始读取正常字符

[18:17:23:702]Message:开始读取文本框

[18:17:23:731]Message:开始关闭word

[18:17:27:433]Message:\\192.168.1.232\C$\Users\Administrator\Desktop\fg44\论语我.doc开始读取正常字符

[18:17:28:367]Message:开始读取文本框

[18:17:28:383]Message:开始关闭word

[18:21:47:229]Message:\\192.168.1.232\D$\work\61875\20150324\130716645176816408\1012\2056\20150324008\fg44\yx哈想了.doc开始读取正常字符

[18:21:48:369]Message:开始读取文本框

[18:21:48:429]Message:开始关闭word

[18:21:52:418]Message:\\192.168.1.232\D$\work\61875\20150324\130716645176816408\1012\2056\20150324008\fg44\工程测绘_王琳琳_朱伟刚.doc开始读取正常字符

[18:21:53:521]Message:开始读取文本框

[18:21:53:529]Message:开始关闭word

[18:21:58:961]Message:\\192.168.1.232\D$\work\61875\20150324\130716645176816408\1012\2056\20150324008\fg44\水利-赵丙芳.doc开始读取正常字符

[18:22:0:214]Message:开始读取文本框

[18:22:0:235]Message:开始关闭word

[18:22:14:420]Message:\\192.168.1.232\D$\work\61875\20150324\130716645176816408\1012\2056\20150324008\fg44\水利-马可.docx开始读取正常字符

[18:22:16:90]Message:开始读取文本框

[18:22:23:345]Error:读取文本框出错

[18:22:23:345]Message:开始关闭word

[18:22:23:360]Error:关闭word出错

[18:22:27:976]Message:\\192.168.1.232\D$\work\61875\20150324\130716645176816408\1012\2056\20150324008\fg44\牛心宇正式论文.doc开始读取正常字符

[18:22:29:52]Message:开始读取文本框

[18:22:29:72]Message:开始关闭word

[18:22:33:965]Message:\\192.168.1.232\D$\work\61875\20150324\130716645176816408\1012\2056\20150324008\fg44\王要锋毕业论文.doc开始读取正常字符

[18:22:35:20]Message:开始读取文本框

[18:22:35:46]Message:开始关闭word

[18:22:40:151]Message:\\192.168.1.232\D$\work\61875\20150324\130716645176816408\1012\2056\20150324008\fg44\硕士学位论文-冯清(终稿1).doc开始读取正常字符

[18:22:41:397]Message:开始读取文本框

[18:22:41:416]Message:开始关闭word

[18:22:46:425]Message:\\192.168.1.232\D$\work\61875\20150324\130716645176816408\1012\2056\20150324008\fg44\结构工程-李康最后稿.doc开始读取正常字符

[18:22:47:651]Message:开始读取文本框

[18:22:47:671]Message:开始关闭word

[18:22:52:10]Message:\\192.168.1.232\D$\work\61875\20150324\130716645176816408\1012\2056\20150324008\fg44\老牛真好.doc开始读取正常字符

[18:22:53:55]Message:开始读取文本框

[18:22:53:89]Message:开始关闭word

[18:22:56:237]Message:\\192.168.1.232\D$\work\61875\20150324\130716645176816408\1012\2056\20150324008\fg44\论语我.doc开始读取正常字符

[18:22:57:98]Message:开始读取文本框

[18:22:57:116]Message:开始关闭word

