[12:1:37:868]Error:工程测绘_王琳琳_朱伟刚.docRead返回文件读取超时

[12:1:53:980]Message:\\192.168.1.232\C$\Users\Administrator\Desktop\dsdssd\李伟民-毕业论文.doc开始读取正常字符

[12:1:55:214]Message:开始读取文本框

[12:1:55:365]Message:开始关闭word

[12:1:59:942]Message:\\192.168.1.232\C$\Users\Administrator\Desktop\dsdssd\水利-褚婷婷硕士论文.doc开始读取正常字符

[12:2:1:145]Message:开始读取文本框

[12:2:1:176]Message:开始关闭word

[12:2:7:787]Message:\\192.168.1.232\C$\Users\Administrator\Desktop\dsdssd\水利-赵丙芳.doc开始读取正常字符

[12:2:10:0]Message:开始读取文本框

[12:2:10:39]Message:开始关闭word

[12:2:24:596]Message:\\192.168.1.232\C$\Users\Administrator\Desktop\dsdssd\水利-马可.docx开始读取正常字符

[12:2:27:644]Message:开始读取文本框

[12:2:38:875]Error:读取文本框出错

[12:2:38:876]Message:开始关闭word

[12:2:38:892]Error:关闭word出错

[12:2:45:84]Message:\\192.168.1.232\C$\Users\Administrator\Desktop\dsdssd\牛心宇正式论文.doc开始读取正常字符

[12:2:46:538]Message:开始读取文本框

[12:2:46:560]Message:开始关闭word

[12:2:53:2]Message:\\192.168.1.232\C$\Users\Administrator\Desktop\dsdssd\王维-硕士论文.doc开始读取正常字符

[12:2:54:356]Message:开始读取文本框

[12:2:54:392]Message:开始关闭word

[12:3:0:2]Message:\\192.168.1.232\C$\Users\Administrator\Desktop\dsdssd\王要锋毕业论文.doc开始读取正常字符

[12:3:1:414]Message:开始读取文本框

[12:3:1:439]Message:开始关闭word

[12:3:7:875]Message:\\192.168.1.232\C$\Users\Administrator\Desktop\dsdssd\硕士学位论文-冯清(终稿1).doc开始读取正常字符

[12:3:9:537]Message:开始读取文本框

[12:3:9:555]Message:开始关闭word

[12:3:16:720]Message:\\192.168.1.232\C$\Users\Administrator\Desktop\dsdssd\结构工程-李康最后稿.doc开始读取正常字符

[12:3:17:963]Message:开始读取文本框

[12:3:17:983]Message:开始关闭word

[15:3:13:733]Message:\\192.168.1.232\C$\Users\Administrator\Desktop\zxzxzxzxzx\工程测绘_王琳琳_朱伟刚.doc开始读取正常字符

[15:3:16:71]Message:开始读取文本框

[15:3:16:463]Message:开始关闭word

[15:3:24:905]Message:\\192.168.1.232\C$\Users\Administrator\Desktop\zxzxzxzxzx\李伟民-毕业论文.doc开始读取正常字符

[15:3:25:943]Message:开始读取文本框

[15:3:26:9]Message:开始关闭word

[15:3:30:431]Message:\\192.168.1.232\C$\Users\Administrator\Desktop\zxzxzxzxzx\水利-褚婷婷硕士论文.doc开始读取正常字符

[15:3:31:557]Message:开始读取文本框

[15:3:31:589]Message:开始关闭word

[15:3:38:197]Message:\\192.168.1.232\C$\Users\Administrator\Desktop\zxzxzxzxzx\水利-赵丙芳.doc开始读取正常字符

[15:3:40:783]Message:开始读取文本框

[15:3:40:862]Message:开始关闭word

[15:4:8:2]Message:\\192.168.1.232\C$\Users\Administrator\Desktop\zxzxzxzxzx\水利-马可.docx开始读取正常字符

[15:4:10:234]Message:开始读取文本框

[15:4:21:732]Error:读取文本框出错

[15:4:21:732]Message:开始关闭word

[15:4:21:746]Error:关闭word出错

[15:4:30:142]Message:\\192.168.1.232\C$\Users\Administrator\Desktop\zxzxzxzxzx\牛心宇正式论文.doc开始读取正常字符

[15:4:31:728]Message:开始读取文本框

[15:4:31:746]Message:开始关闭word

[15:4:39:350]Message:\\192.168.1.232\C$\Users\Administrator\Desktop\zxzxzxzxzx\王维-硕士论文.doc开始读取正常字符

[15:4:41:629]Message:开始读取文本框

[15:4:41:687]Message:开始关闭word

[15:4:59:47]Message:\\192.168.1.232\C$\Users\Administrator\Desktop\zxzxzxzxzx\王要锋毕业论文.doc开始读取正常字符

[15:5:0:578]Message:开始读取文本框

[15:5:0:600]Message:开始关闭word

[15:5:16:12]Message:\\192.168.1.232\C$\Users\Administrator\Desktop\zxzxzxzxzx\硕士学位论文-冯清(终稿1).doc开始读取正常字符

[15:5:17:821]Message:开始读取文本框

[15:5:17:842]Message:开始关闭word

[15:5:25:614]Message:\\192.168.1.232\C$\Users\Administrator\Desktop\zxzxzxzxzx\结构工程-李康最后稿.doc开始读取正常字符

[15:5:26:938]Message:开始读取文本框

[15:5:26:960]Message:开始关闭word

[18:27:41:526]Message:\\192.168.1.232\C$\Users\Administrator\Desktop\zxzxzxzxzx\工程测绘_王琳琳_朱伟刚.doc开始读取正常字符

[18:27:42:895]Message:开始读取文本框

[18:27:43:3]Message:开始关闭word

[18:29:1:758]Message:\\192.168.1.232\C$\Users\Administrator\Desktop\cccallll\工程测绘_王琳琳_朱伟刚.doc开始读取正常字符

[18:29:3:648]Message:开始读取文本框

[18:29:3:694]Message:开始关闭word

[18:29:10:808]Message:\\192.168.1.232\C$\Users\Administrator\Desktop\cccallll\李伟民-毕业论文.doc开始读取正常字符

[18:29:11:914]Message:开始读取文本框

[18:29:11:949]Message:开始关闭word

[18:29:16:97]Message:\\192.168.1.232\C$\Users\Administrator\Desktop\cccallll\水利-褚婷婷硕士论文.doc开始读取正常字符

[18:29:17:308]Message:开始读取文本框

[18:29:17:345]Message:开始关闭word

[18:29:23:270]Message:\\192.168.1.232\C$\Users\Administrator\Desktop\cccallll\水利-赵丙芳.doc开始读取正常字符

[18:29:25:46]Message:开始读取文本框

[18:29:25:67]Message:开始关闭word

[18:29:43:540]Message:\\192.168.1.232\C$\Users\Administrator\Desktop\cccallll\水利-马可.docx开始读取正常字符

[18:29:46:969]Message:开始读取文本框

[18:29:57:776]Error:读取文本框出错

[18:29:57:777]Message:开始关闭word

[18:29:57:791]Error:关闭word出错

[18:30:4:516]Message:\\192.168.1.232\C$\Users\Administrator\Desktop\cccallll\牛心宇正式论文.doc开始读取正常字符

[18:30:6:986]Message:开始读取文本框

[18:30:7:5]Message:开始关闭word

[18:30:15:350]Message:\\192.168.1.232\C$\Users\Administrator\Desktop\cccallll\王维-硕士论文.doc开始读取正常字符

[18:30:16:709]Message:开始读取文本框

[18:30:16:751]Message:开始关闭word

[18:30:22:782]Message:\\192.168.1.232\C$\Users\Administrator\Desktop\cccallll\王要锋毕业论文.doc开始读取正常字符

[18:30:24:158]Message:开始读取文本框

[18:30:24:210]Message:开始关闭word

[18:30:31:413]Message:\\192.168.1.232\C$\Users\Administrator\Desktop\cccallll\硕士学位论文-冯清(终稿1).doc开始读取正常字符

[18:30:32:761]Message:开始读取文本框

[18:30:32:781]Message:开始关闭word

[18:30:39:395]Message:\\192.168.1.232\C$\Users\Administrator\Desktop\cccallll\结构工程-李康最后稿.doc开始读取正常字符

[18:30:40:794]Message:开始读取文本框

[18:30:40:812]Message:开始关闭word

