[9:58:45:730]Message:\\192.168.1.232\C$\Users\Administrator\Desktop\vbnmgs\yx哈想了.doc开始读取正常字符

[9:58:46:966]Message:开始读取文本框

[9:58:47:720]Message:开始关闭word

[9:58:53:996]Message:\\192.168.1.232\C$\Users\Administrator\Desktop\vbnmgs\工程测绘_王琳琳_朱伟刚.doc开始读取正常字符

[9:58:55:190]Message:开始读取文本框

[9:58:55:200]Message:开始关闭word

[9:59:1:601]Message:\\192.168.1.232\C$\Users\Administrator\Desktop\vbnmgs\水利-赵丙芳.doc开始读取正常字符

[9:59:2:914]Message:开始读取文本框

[9:59:2:937]Message:开始关闭word

[9:59:23:849]Message:\\192.168.1.232\C$\Users\Administrator\Desktop\vbnmgs\水利-马可.docx开始读取正常字符

[9:59:26:568]Message:开始读取文本框

[9:59:35:436]Error:读取文本框出错

[9:59:35:436]Message:开始关闭word

[9:59:35:450]Error:关闭word出错

[9:59:41:653]Message:\\192.168.1.232\C$\Users\Administrator\Desktop\vbnmgs\牛心宇正式论文.doc开始读取正常字符

[9:59:42:786]Message:开始读取文本框

[9:59:42:807]Message:开始关闭word

[9:59:52:47]Message:\\192.168.1.232\C$\Users\Administrator\Desktop\vbnmgs\王要锋毕业论文.doc开始读取正常字符

[9:59:53:207]Message:开始读取文本框

[9:59:53:234]Message:开始关闭word

[9:59:58:326]Message:\\192.168.1.232\C$\Users\Administrator\Desktop\vbnmgs\硕士学位论文-冯清(终稿1).doc开始读取正常字符

[9:59:59:450]Message:开始读取文本框

[9:59:59:471]Message:开始关闭word

[10:0:5:351]Message:\\192.168.1.232\C$\Users\Administrator\Desktop\vbnmgs\结构工程-李康最后稿.doc开始读取正常字符

[10:0:6:841]Message:开始读取文本框

[10:0:7:36]Message:开始关闭word

[10:0:11:980]Message:\\192.168.1.232\C$\Users\Administrator\Desktop\vbnmgs\老牛真好.doc开始读取正常字符

[10:0:12:861]Message:开始读取文本框

[10:0:12:878]Message:开始关闭word

[10:0:17:242]Message:\\192.168.1.232\C$\Users\Administrator\Desktop\vbnmgs\论语我.doc开始读取正常字符

[10:0:18:164]Message:开始读取文本框

[10:0:18:183]Message:开始关闭word

[11:0:30:604]Message:\\192.168.1.232\C$\Users\Administrator\Desktop\lolppdpdp\yx哈想了.doc开始读取正常字符

[11:0:31:693]Message:开始读取文本框

[11:0:31:811]Message:开始关闭word

[11:0:35:804]Message:\\192.168.1.232\C$\Users\Administrator\Desktop\lolppdpdp\工程测绘_王琳琳_朱伟刚.doc开始读取正常字符

[11:0:36:867]Message:开始读取文本框

[11:0:36:882]Message:开始关闭word

[11:0:43:33]Message:\\192.168.1.232\C$\Users\Administrator\Desktop\lolppdpdp\水利-赵丙芳.doc开始读取正常字符

[11:0:44:454]Message:开始读取文本框

[11:0:44:474]Message:开始关闭word

[11:0:58:303]Message:\\192.168.1.232\C$\Users\Administrator\Desktop\lolppdpdp\水利-马可.docx开始读取正常字符

[11:0:59:877]Message:开始读取文本框

[11:1:7:622]Error:读取文本框出错

[11:1:7:622]Message:开始关闭word

[11:1:7:637]Error:关闭word出错

[11:1:12:16]Message:\\192.168.1.232\C$\Users\Administrator\Desktop\lolppdpdp\牛心宇正式论文.doc开始读取正常字符

[11:1:13:9]Message:开始读取文本框

[11:1:13:29]Message:开始关闭word

[11:1:18:478]Message:\\192.168.1.232\C$\Users\Administrator\Desktop\lolppdpdp\王要锋毕业论文.doc开始读取正常字符

[11:1:19:485]Message:开始读取文本框

[11:1:19:515]Message:开始关闭word

[11:1:24:839]Message:\\192.168.1.232\C$\Users\Administrator\Desktop\lolppdpdp\硕士学位论文-冯清(终稿1).doc开始读取正常字符

[11:1:25:930]Message:开始读取文本框

[11:1:25:960]Message:开始关闭word

[11:1:31:35]Message:\\192.168.1.232\C$\Users\Administrator\Desktop\lolppdpdp\结构工程-李康最后稿.doc开始读取正常字符

[11:1:32:131]Message:开始读取文本框

[11:1:32:195]Message:开始关闭word

[11:1:36:78]Message:\\192.168.1.232\C$\Users\Administrator\Desktop\lolppdpdp\老牛真好.doc开始读取正常字符

[11:1:37:109]Message:开始读取文本框

[11:1:37:139]Message:开始关闭word

[11:1:40:494]Message:\\192.168.1.232\C$\Users\Administrator\Desktop\lolppdpdp\论语我.doc开始读取正常字符

[11:1:41:403]Message:开始读取文本框

[11:1:41:426]Message:开始关闭word

[13:32:58:508]Message:\\192.168.1.232\C$\Users\Administrator\Desktop\vbvbcc\yx哈想了.doc开始读取正常字符

[13:32:59:923]Message:开始读取文本框

[13:33:0:114]Message:开始关闭word

[13:33:5:570]Message:\\192.168.1.232\C$\Users\Administrator\Desktop\vbvbcc\工程测绘_王琳琳_朱伟刚.doc开始读取正常字符

[13:33:7:197]Message:开始读取文本框

[13:33:7:239]Message:开始关闭word

[13:33:14:304]Message:\\192.168.1.232\C$\Users\Administrator\Desktop\vbvbcc\水利-赵丙芳.doc开始读取正常字符

[13:33:15:883]Message:开始读取文本框

[13:33:15:943]Message:开始关闭word

[13:33:30:452]Message:\\192.168.1.232\C$\Users\Administrator\Desktop\vbvbcc\水利-马可.docx开始读取正常字符

[13:33:33:505]Message:开始读取文本框

[13:33:41:701]Error:读取文本框出错

[13:33:41:701]Message:开始关闭word

[13:33:41:716]Error:关闭word出错

[13:33:46:870]Message:\\192.168.1.232\C$\Users\Administrator\Desktop\vbvbcc\牛心宇正式论文.doc开始读取正常字符

[13:33:47:829]Message:开始读取文本框

[13:33:47:867]Message:开始关闭word

[13:33:53:630]Message:\\192.168.1.232\C$\Users\Administrator\Desktop\vbvbcc\王要锋毕业论文.doc开始读取正常字符

[13:33:54:665]Message:开始读取文本框

[13:33:54:689]Message:开始关闭word

[13:34:0:984]Message:\\192.168.1.232\C$\Users\Administrator\Desktop\vbvbcc\硕士学位论文-冯清(终稿1).doc开始读取正常字符

[13:34:2:230]Message:开始读取文本框

[13:34:2:253]Message:开始关闭word

[13:34:7:760]Message:\\192.168.1.232\C$\Users\Administrator\Desktop\vbvbcc\结构工程-李康最后稿.doc开始读取正常字符

[13:34:9:69]Message:开始读取文本框

[13:34:9:99]Message:开始关闭word

[13:34:14:200]Message:\\192.168.1.232\C$\Users\Administrator\Desktop\vbvbcc\老牛真好.doc开始读取正常字符

[13:34:15:330]Message:开始读取文本框

[13:34:15:353]Message:开始关闭word

[13:34:19:165]Message:\\192.168.1.232\C$\Users\Administrator\Desktop\vbvbcc\论语我.doc开始读取正常字符

[13:34:20:60]Message:开始读取文本框

[13:34:20:82]Message:开始关闭word

[13:43:0:95]Message:\\192.168.1.232\C$\Users\Administrator\Desktop\vxvz\yx哈想了.doc开始读取正常字符

[13:43:1:215]Message:开始读取文本框

[13:43:1:290]Message:开始关闭word

[13:43:5:512]Message:\\192.168.1.232\C$\Users\Administrator\Desktop\vxvz\工程测绘_王琳琳_朱伟刚.doc开始读取正常字符

[13:43:6:510]Message:开始读取文本框

[13:43:6:557]Message:开始关闭word

[13:43:13:579]Message:\\192.168.1.232\C$\Users\Administrator\Desktop\vxvz\水利-赵丙芳.doc开始读取正常字符

[13:43:14:992]Message:开始读取文本框

[13:43:15:10]Message:开始关闭word

[13:43:30:925]Message:\\192.168.1.232\C$\Users\Administrator\Desktop\vxvz\水利-马可.docx开始读取正常字符

[13:43:32:767]Message:开始读取文本框

[13:43:40:225]Error:读取文本框出错

[13:43:40:225]Message:开始关闭word

[13:43:40:240]Error:关闭word出错

[13:43:45:16]Message:\\192.168.1.232\C$\Users\Administrator\Desktop\vxvz\牛心宇正式论文.doc开始读取正常字符

[13:43:45:976]Message:开始读取文本框

[13:43:46:17]Message:开始关闭word

[13:43:51:954]Message:\\192.168.1.232\C$\Users\Administrator\Desktop\vxvz\王要锋毕业论文.doc开始读取正常字符

[13:43:52:944]Message:开始读取文本框

[13:43:52:964]Message:开始关闭word

[13:43:58:619]Message:\\192.168.1.232\C$\Users\Administrator\Desktop\vxvz\硕士学位论文-冯清(终稿1).doc开始读取正常字符

[13:43:59:785]Message:开始读取文本框

[13:43:59:812]Message:开始关闭word

[13:44:5:28]Message:\\192.168.1.232\C$\Users\Administrator\Desktop\vxvz\结构工程-李康最后稿.doc开始读取正常字符

[13:44:5:945]Message:开始读取文本框

[13:44:5:972]Message:开始关闭word

[13:44:10:293]Message:\\192.168.1.232\C$\Users\Administrator\Desktop\vxvz\老牛真好.doc开始读取正常字符

[13:44:11:528]Message:开始读取文本框

[13:44:11:575]Message:开始关闭word

[13:44:14:925]Message:\\192.168.1.232\C$\Users\Administrator\Desktop\vxvz\论语我.doc开始读取正常字符

[13:44:15:832]Message:开始读取文本框

[13:44:15:859]Message:开始关闭word

[14:7:45:627]Message:\\192.168.1.232\C$\Users\Administrator\Desktop\vbvbxb\yx哈想了.doc开始读取正常字符

[14:7:46:607]Message:开始读取文本框

[14:7:46:705]Message:开始关闭word

[14:7:51:41]Message:\\192.168.1.232\C$\Users\Administrator\Desktop\vbvbxb\工程测绘_王琳琳_朱伟刚.doc开始读取正常字符

[14:7:52:188]Message:开始读取文本框

[14:7:52:227]Message:开始关闭word

[14:7:57:796]Message:\\192.168.1.232\C$\Users\Administrator\Desktop\vbvbxb\水利-赵丙芳.doc开始读取正常字符

[14:7:59:110]Message:开始读取文本框

[14:7:59:137]Message:开始关闭word

[14:8:12:80]Message:\\192.168.1.232\C$\Users\Administrator\Desktop\vbvbxb\水利-马可.docx开始读取正常字符

[14:8:14:140]Message:开始读取文本框

[14:8:21:798]Error:读取文本框出错

[14:8:21:799]Message:开始关闭word

[14:8:21:817]Error:关闭word出错

[14:8:26:497]Message:\\192.168.1.232\C$\Users\Administrator\Desktop\vbvbxb\牛心宇正式论文.doc开始读取正常字符

[14:8:27:544]Message:开始读取文本框

[14:8:27:571]Message:开始关闭word

[14:8:33:244]Message:\\192.168.1.232\C$\Users\Administrator\Desktop\vbvbxb\王要锋毕业论文.doc开始读取正常字符

[14:8:34:268]Message:开始读取文本框

[14:8:34:293]Message:开始关闭word

[14:8:39:153]Message:\\192.168.1.232\C$\Users\Administrator\Desktop\vbvbxb\硕士学位论文-冯清(终稿1).doc开始读取正常字符

[14:8:40:435]Message:开始读取文本框

[14:8:40:485]Message:开始关闭word

[14:8:45:720]Message:\\192.168.1.232\C$\Users\Administrator\Desktop\vbvbxb\结构工程-李康最后稿.doc开始读取正常字符

[14:8:46:712]Message:开始读取文本框

[14:8:46:735]Message:开始关闭word

[14:8:51:4]Message:\\192.168.1.232\C$\Users\Administrator\Desktop\vbvbxb\老牛真好.doc开始读取正常字符

[14:8:52:367]Message:开始读取文本框

[14:8:52:390]Message:开始关闭word

[14:8:56:453]Message:\\192.168.1.232\C$\Users\Administrator\Desktop\vbvbxb\论语我.doc开始读取正常字符

[14:8:57:305]Message:开始读取文本框

[14:8:57:363]Message:开始关闭word

