[10:21:10:632]Message:\\192.168.1.232\C$\Users\Administrator\Desktop\mnxnvx\工程测绘_王琳琳_朱伟刚.doc开始读取正常字符

[10:21:13:757]Message:开始读取文本框

[10:21:14:418]Message:开始关闭word

[10:21:23:421]Message:\\192.168.1.232\C$\Users\Administrator\Desktop\mnxnvx\李伟民-毕业论文.doc开始读取正常字符

[10:21:24:737]Message:开始读取文本框

[10:21:24:786]Message:开始关闭word

[10:21:29:511]Message:\\192.168.1.232\C$\Users\Administrator\Desktop\mnxnvx\水利-褚婷婷硕士论文.doc开始读取正常字符

[10:21:31:64]Message:开始读取文本框

[10:21:31:82]Message:开始关闭word

[10:21:37:846]Message:\\192.168.1.232\C$\Users\Administrator\Desktop\mnxnvx\水利-赵丙芳.doc开始读取正常字符

[10:21:39:846]Message:开始读取文本框

[10:21:39:866]Message:开始关闭word

[10:21:55:175]Message:\\192.168.1.232\C$\Users\Administrator\Desktop\mnxnvx\水利-马可.docx开始读取正常字符

[10:21:57:323]Message:开始读取文本框

[10:22:6:866]Error:读取文本框出错

[10:22:6:866]Message:开始关闭word

[10:22:6:880]Error:关闭word出错

[10:22:13:197]Message:\\192.168.1.232\C$\Users\Administrator\Desktop\mnxnvx\牛心宇正式论文.doc开始读取正常字符

[10:22:14:663]Message:开始读取文本框

[10:22:14:681]Message:开始关闭word

[10:22:21:114]Message:\\192.168.1.232\C$\Users\Administrator\Desktop\mnxnvx\王维-硕士论文.doc开始读取正常字符

[10:22:22:357]Message:开始读取文本框

[10:22:22:400]Message:开始关闭word

[10:22:27:510]Message:\\192.168.1.232\C$\Users\Administrator\Desktop\mnxnvx\王要锋毕业论文.doc开始读取正常字符

[10:22:28:893]Message:开始读取文本框

[10:22:28:911]Message:开始关闭word

[10:22:35:164]Message:\\192.168.1.232\C$\Users\Administrator\Desktop\mnxnvx\硕士学位论文-冯清(终稿1).doc开始读取正常字符

[10:22:36:748]Message:开始读取文本框

[10:22:36:765]Message:开始关闭word

[10:22:42:627]Message:\\192.168.1.232\C$\Users\Administrator\Desktop\mnxnvx\结构工程-李康最后稿.doc开始读取正常字符

[10:22:44:3]Message:开始读取文本框

[10:22:44:22]Message:开始关闭word

[10:48:10:897]Message:\\192.168.1.232\C$\Users\Administrator\Desktop\alkskf\工程测绘_王琳琳_朱伟刚.doc开始读取正常字符

[10:48:12:529]Message:开始读取文本框

[10:48:12:606]Message:开始关闭word

[10:48:17:787]Message:\\192.168.1.232\C$\Users\Administrator\Desktop\alkskf\李伟民-毕业论文.doc开始读取正常字符

[10:48:19:38]Message:开始读取文本框

[10:48:19:58]Message:开始关闭word

[10:48:23:572]Message:\\192.168.1.232\C$\Users\Administrator\Desktop\alkskf\水利-褚婷婷硕士论文.doc开始读取正常字符

[10:48:24:925]Message:开始读取文本框

[10:48:24:955]Message:开始关闭word

[10:48:30:76]Message:\\192.168.1.232\C$\Users\Administrator\Desktop\alkskf\水利-赵丙芳.doc开始读取正常字符

[10:48:31:962]Message:开始读取文本框

[10:48:31:986]Message:开始关闭word

[10:48:45:894]Message:\\192.168.1.232\C$\Users\Administrator\Desktop\alkskf\水利-马可.docx开始读取正常字符

[10:48:47:781]Message:开始读取文本框

[10:48:55:779]Error:读取文本框出错

[10:48:55:780]Message:开始关闭word

[10:48:55:794]Error:关闭word出错

[10:49:1:714]Message:\\192.168.1.232\C$\Users\Administrator\Desktop\alkskf\牛心宇正式论文.doc开始读取正常字符

[10:49:3:220]Message:开始读取文本框

[10:49:3:243]Message:开始关闭word

[10:49:10:362]Message:\\192.168.1.232\C$\Users\Administrator\Desktop\alkskf\王维-硕士论文.doc开始读取正常字符

[10:49:11:799]Message:开始读取文本框

[10:49:11:866]Message:开始关闭word

[10:49:17:211]Message:\\192.168.1.232\C$\Users\Administrator\Desktop\alkskf\王要锋毕业论文.doc开始读取正常字符

[10:49:18:691]Message:开始读取文本框

[10:49:18:712]Message:开始关闭word

[10:49:25:184]Message:\\192.168.1.232\C$\Users\Administrator\Desktop\alkskf\硕士学位论文-冯清(终稿1).doc开始读取正常字符

[10:49:26:807]Message:开始读取文本框

[10:49:26:828]Message:开始关闭word

[10:49:32:760]Message:\\192.168.1.232\C$\Users\Administrator\Desktop\alkskf\结构工程-李康最后稿.doc开始读取正常字符

[10:49:34:285]Message:开始读取文本框

[10:49:34:338]Message:开始关闭word

[10:52:6:450]Message:\\192.168.1.232\C$\Users\Administrator\Desktop\bgdhd\工程测绘_王琳琳_朱伟刚.doc开始读取正常字符

[10:52:7:983]Message:开始读取文本框

[10:52:8:20]Message:开始关闭word

[10:52:13:270]Message:\\192.168.1.232\C$\Users\Administrator\Desktop\bgdhd\李伟民-毕业论文.doc开始读取正常字符

[10:52:14:545]Message:开始读取文本框

[10:52:14:568]Message:开始关闭word

[10:52:19:613]Message:\\192.168.1.232\C$\Users\Administrator\Desktop\bgdhd\水利-褚婷婷硕士论文.doc开始读取正常字符

[10:52:21:61]Message:开始读取文本框

[10:52:21:83]Message:开始关闭word

[10:52:26:796]Message:\\192.168.1.232\C$\Users\Administrator\Desktop\bgdhd\水利-赵丙芳.doc开始读取正常字符

[10:52:28:417]Message:开始读取文本框

[10:52:28:442]Message:开始关闭word

[10:52:44:29]Message:\\192.168.1.232\C$\Users\Administrator\Desktop\bgdhd\水利-马可.docx开始读取正常字符

[10:52:45:794]Message:开始读取文本框

[10:52:54:542]Error:读取文本框出错

[10:52:54:542]Message:开始关闭word

[10:52:54:557]Error:关闭word出错

[10:52:59:896]Message:\\192.168.1.232\C$\Users\Administrator\Desktop\bgdhd\牛心宇正式论文.doc开始读取正常字符

[10:53:1:203]Message:开始读取文本框

[10:53:1:224]Message:开始关闭word

[10:53:8:66]Message:\\192.168.1.232\C$\Users\Administrator\Desktop\bgdhd\王维-硕士论文.doc开始读取正常字符

[10:53:9:346]Message:开始读取文本框

[10:53:9:388]Message:开始关闭word

[10:53:14:448]Message:\\192.168.1.232\C$\Users\Administrator\Desktop\bgdhd\王要锋毕业论文.doc开始读取正常字符

[10:53:15:792]Message:开始读取文本框

[10:53:15:821]Message:开始关闭word

[10:53:22:315]Message:\\192.168.1.232\C$\Users\Administrator\Desktop\bgdhd\硕士学位论文-冯清(终稿1).doc开始读取正常字符

[10:53:23:878]Message:开始读取文本框

[10:53:23:911]Message:开始关闭word

[10:53:29:811]Message:\\192.168.1.232\C$\Users\Administrator\Desktop\bgdhd\结构工程-李康最后稿.doc开始读取正常字符

[10:53:31:270]Message:开始读取文本框

[10:53:31:294]Message:开始关闭word

[15:16:18:122]Message:\\192.168.1.232\C$\Users\Administrator\Desktop\bgdhd\工程测绘_王琳琳_朱伟刚.doc开始读取正常字符

[15:16:20:381]Message:开始读取文本框

[15:16:20:651]Message:开始关闭word

[15:17:33:273]Message:\\192.168.1.232\C$\Users\Administrator\Desktop\bgdhd\李伟民-毕业论文.doc开始读取正常字符

[15:17:34:710]Message:开始读取文本框

[15:17:34:823]Message:开始关闭word

[15:18:5:116]Message:\\192.168.1.232\C$\Users\Administrator\Desktop\xcvbn\工程测绘_王琳琳_朱伟刚.doc开始读取正常字符

[15:18:6:613]Message:开始读取文本框

[15:18:6:625]Message:开始关闭word

[15:18:13:387]Message:\\192.168.1.232\C$\Users\Administrator\Desktop\xcvbn\李伟民-毕业论文.doc开始读取正常字符

[15:18:14:675]Message:开始读取文本框

[15:18:14:698]Message:开始关闭word

[15:18:19:656]Message:\\192.168.1.232\C$\Users\Administrator\Desktop\xcvbn\水利-褚婷婷硕士论文.doc开始读取正常字符

[15:18:21:116]Message:开始读取文本框

[15:18:21:136]Message:开始关闭word

[15:18:27:175]Message:\\192.168.1.232\C$\Users\Administrator\Desktop\xcvbn\水利-赵丙芳.doc开始读取正常字符

[15:18:29:788]Message:开始读取文本框

[15:18:29:805]Message:开始关闭word

[15:18:44:730]Message:\\192.168.1.232\C$\Users\Administrator\Desktop\xcvbn\水利-马可.docx开始读取正常字符

[15:18:46:766]Message:开始读取文本框

[15:18:57:568]Error:读取文本框出错

[15:18:57:569]Message:开始关闭word

[15:18:57:583]Error:关闭word出错

[15:19:3:733]Message:\\192.168.1.232\C$\Users\Administrator\Desktop\xcvbn\牛心宇正式论文.doc开始读取正常字符

[15:19:5:486]Message:开始读取文本框

[15:19:5:509]Message:开始关闭word

[15:19:12:416]Message:\\192.168.1.232\C$\Users\Administrator\Desktop\xcvbn\王维-硕士论文.doc开始读取正常字符

[15:19:13:929]Message:开始读取文本框

[15:19:13:959]Message:开始关闭word

[15:19:19:507]Message:\\192.168.1.232\C$\Users\Administrator\Desktop\xcvbn\王要锋毕业论文.doc开始读取正常字符

[15:19:20:943]Message:开始读取文本框

[15:19:20:993]Message:开始关闭word

[15:19:27:218]Message:\\192.168.1.232\C$\Users\Administrator\Desktop\xcvbn\硕士学位论文-冯清(终稿1).doc开始读取正常字符

[15:19:28:789]Message:开始读取文本框

[15:19:28:811]Message:开始关闭word

[15:19:35:121]Message:\\192.168.1.232\C$\Users\Administrator\Desktop\xcvbn\结构工程-李康最后稿.doc开始读取正常字符

[15:19:36:747]Message:开始读取文本框

[15:19:36:774]Message:开始关闭word

[15:24:4:591]Message:\\192.168.1.232\C$\Users\Administrator\Desktop\mkhjl\工程测绘_王琳琳_朱伟刚.doc开始读取正常字符

[15:24:6:351]Message:开始读取文本框

[15:24:6:389]Message:开始关闭word

[15:24:11:969]Message:\\192.168.1.232\C$\Users\Administrator\Desktop\mkhjl\李伟民-毕业论文.doc开始读取正常字符

[15:24:13:286]Message:开始读取文本框

[15:24:13:305]Message:开始关闭word

[15:24:17:928]Message:\\192.168.1.232\C$\Users\Administrator\Desktop\mkhjl\水利-褚婷婷硕士论文.doc开始读取正常字符

[15:24:19:414]Message:开始读取文本框

[15:24:19:450]Message:开始关闭word

[15:24:25:478]Message:\\192.168.1.232\C$\Users\Administrator\Desktop\mkhjl\水利-赵丙芳.doc开始读取正常字符

[15:24:27:206]Message:开始读取文本框

[15:24:27:242]Message:开始关闭word

[15:24:44:178]Message:\\192.168.1.232\C$\Users\Administrator\Desktop\mkhjl\水利-马可.docx开始读取正常字符

[15:24:46:243]Message:开始读取文本框

[15:24:54:634]Error:读取文本框出错

[15:24:54:635]Message:开始关闭word

[15:24:54:651]Error:关闭word出错

[15:25:0:469]Message:\\192.168.1.232\C$\Users\Administrator\Desktop\mkhjl\牛心宇正式论文.doc开始读取正常字符

[15:25:2:23]Message:开始读取文本框

[15:25:2:59]Message:开始关闭word

[15:25:9:455]Message:\\192.168.1.232\C$\Users\Administrator\Desktop\mkhjl\王维-硕士论文.doc开始读取正常字符

[15:25:10:885]Message:开始读取文本框

[15:25:10:928]Message:开始关闭word

[15:25:16:547]Message:\\192.168.1.232\C$\Users\Administrator\Desktop\mkhjl\王要锋毕业论文.doc开始读取正常字符

[15:25:18:139]Message:开始读取文本框

[15:25:18:173]Message:开始关闭word

[15:25:24:559]Message:\\192.168.1.232\C$\Users\Administrator\Desktop\mkhjl\硕士学位论文-冯清(终稿1).doc开始读取正常字符

[15:25:26:300]Message:开始读取文本框

[15:25:26:410]Message:开始关闭word

[15:25:33:463]Message:\\192.168.1.232\C$\Users\Administrator\Desktop\mkhjl\结构工程-李康最后稿.doc开始读取正常字符

[15:25:35:135]Message:开始读取文本框

[15:25:35:153]Message:开始关闭word

[15:33:7:326]Message:\\192.168.1.232\C$\Users\Administrator\Desktop\hgji6\工程测绘_王琳琳_朱伟刚.doc开始读取正常字符

[15:33:8:954]Message:开始读取文本框

[15:33:8:995]Message:开始关闭word

[15:33:14:196]Message:\\192.168.1.232\C$\Users\Administrator\Desktop\hgji6\李伟民-毕业论文.doc开始读取正常字符

[15:33:15:479]Message:开始读取文本框

[15:33:15:498]Message:开始关闭word

[15:33:20:41]Message:\\192.168.1.232\C$\Users\Administrator\Desktop\hgji6\水利-褚婷婷硕士论文.doc开始读取正常字符

[15:33:21:412]Message:开始读取文本框

[15:33:21:456]Message:开始关闭word

[15:33:26:944]Message:\\192.168.1.232\C$\Users\Administrator\Desktop\hgji6\水利-赵丙芳.doc开始读取正常字符

[15:33:28:531]Message:开始读取文本框

[15:33:28:547]Message:开始关闭word

[15:33:42:209]Message:\\192.168.1.232\C$\Users\Administrator\Desktop\hgji6\水利-马可.docx开始读取正常字符

[15:33:44:64]Message:开始读取文本框

[15:33:52:247]Error:读取文本框出错

[15:33:52:247]Message:开始关闭word

[15:33:52:263]Error:关闭word出错

[15:33:58:33]Message:\\192.168.1.232\C$\Users\Administrator\Desktop\hgji6\牛心宇正式论文.doc开始读取正常字符

[15:33:59:543]Message:开始读取文本框

[15:33:59:568]Message:开始关闭word

[15:34:6:166]Message:\\192.168.1.232\C$\Users\Administrator\Desktop\hgji6\王维-硕士论文.doc开始读取正常字符

[15:34:7:557]Message:开始读取文本框

[15:34:7:599]Message:开始关闭word

[15:34:13:330]Message:\\192.168.1.232\C$\Users\Administrator\Desktop\hgji6\王要锋毕业论文.doc开始读取正常字符

[15:34:14:882]Message:开始读取文本框

[15:34:14:899]Message:开始关闭word

[15:34:21:322]Message:\\192.168.1.232\C$\Users\Administrator\Desktop\hgji6\硕士学位论文-冯清(终稿1).doc开始读取正常字符

[15:34:22:733]Message:开始读取文本框

[15:34:22:756]Message:开始关闭word

[15:34:28:840]Message:\\192.168.1.232\C$\Users\Administrator\Desktop\hgji6\结构工程-李康最后稿.doc开始读取正常字符

[15:34:30:133]Message:开始读取文本框

[15:34:30:155]Message:开始关闭word

[15:44:29:377]Message:\\192.168.1.232\C$\Users\Administrator\Desktop\mjghj\工程测绘_王琳琳_朱伟刚.doc开始读取正常字符

[15:44:30:726]Message:开始读取文本框

[15:44:30:759]Message:开始关闭word

[15:44:36:195]Message:\\192.168.1.232\C$\Users\Administrator\Desktop\mjghj\李伟民-毕业论文.doc开始读取正常字符

[15:44:37:429]Message:开始读取文本框

[15:44:37:452]Message:开始关闭word

[15:44:42:335]Message:\\192.168.1.232\C$\Users\Administrator\Desktop\mjghj\水利-褚婷婷硕士论文.doc开始读取正常字符

[15:44:43:661]Message:开始读取文本框

[15:44:43:677]Message:开始关闭word

[15:44:49:342]Message:\\192.168.1.232\C$\Users\Administrator\Desktop\mjghj\水利-赵丙芳.doc开始读取正常字符

[15:44:50:991]Message:开始读取文本框

[15:44:51:8]Message:开始关闭word

[15:45:4:821]Message:\\192.168.1.232\C$\Users\Administrator\Desktop\mjghj\水利-马可.docx开始读取正常字符

[15:45:6:520]Message:开始读取文本框

[15:45:14:565]Error:读取文本框出错

[15:45:14:566]Message:开始关闭word

[15:45:14:584]Error:关闭word出错

[15:45:20:985]Message:\\192.168.1.232\C$\Users\Administrator\Desktop\mjghj\牛心宇正式论文.doc开始读取正常字符

[15:45:22:389]Message:开始读取文本框

[15:45:22:411]Message:开始关闭word

[15:45:28:943]Message:\\192.168.1.232\C$\Users\Administrator\Desktop\mjghj\王维-硕士论文.doc开始读取正常字符

[15:45:30:471]Message:开始读取文本框

[15:45:30:518]Message:开始关闭word

[15:45:35:650]Message:\\192.168.1.232\C$\Users\Administrator\Desktop\mjghj\王要锋毕业论文.doc开始读取正常字符

[15:45:37:154]Message:开始读取文本框

[15:45:37:171]Message:开始关闭word

[15:45:43:476]Message:\\192.168.1.232\C$\Users\Administrator\Desktop\mjghj\硕士学位论文-冯清(终稿1).doc开始读取正常字符

[15:45:45:61]Message:开始读取文本框

[15:45:45:79]Message:开始关闭word

[15:45:51:220]Message:\\192.168.1.232\C$\Users\Administrator\Desktop\mjghj\结构工程-李康最后稿.doc开始读取正常字符

[15:45:52:827]Message:开始读取文本框

[15:45:52:845]Message:开始关闭word

[15:54:58:197]Message:\\192.168.1.232\C$\Users\Administrator\Desktop\bnhg\工程测绘_王琳琳_朱伟刚.doc开始读取正常字符

[15:54:59:778]Message:开始读取文本框

[15:54:59:831]Message:开始关闭word

[15:55:5:133]Message:\\192.168.1.232\C$\Users\Administrator\Desktop\bnhg\李伟民-毕业论文.doc开始读取正常字符

[15:55:6:429]Message:开始读取文本框

[15:55:6:449]Message:开始关闭word

[15:55:10:907]Message:\\192.168.1.232\C$\Users\Administrator\Desktop\bnhg\水利-褚婷婷硕士论文.doc开始读取正常字符

[15:55:12:358]Message:开始读取文本框

[15:55:12:385]Message:开始关闭word

[15:55:17:813]Message:\\192.168.1.232\C$\Users\Administrator\Desktop\bnhg\水利-赵丙芳.doc开始读取正常字符

[15:55:19:881]Message:开始读取文本框

[15:55:19:921]Message:开始关闭word

[15:55:33:316]Message:\\192.168.1.232\C$\Users\Administrator\Desktop\bnhg\水利-马可.docx开始读取正常字符

[15:55:35:146]Message:开始读取文本框

[15:55:44:248]Error:读取文本框出错

[15:55:44:249]Message:开始关闭word

[15:55:44:266]Error:关闭word出错

[15:55:50:33]Message:\\192.168.1.232\C$\Users\Administrator\Desktop\bnhg\牛心宇正式论文.doc开始读取正常字符

[15:55:51:820]Message:开始读取文本框

[15:55:51:847]Message:开始关闭word

[15:55:58:449]Message:\\192.168.1.232\C$\Users\Administrator\Desktop\bnhg\王维-硕士论文.doc开始读取正常字符

[15:55:59:889]Message:开始读取文本框

[15:55:59:934]Message:开始关闭word

[15:56:4:915]Message:\\192.168.1.232\C$\Users\Administrator\Desktop\bnhg\王要锋毕业论文.doc开始读取正常字符

[15:56:6:640]Message:开始读取文本框

[15:56:6:661]Message:开始关闭word

[15:56:12:708]Message:\\192.168.1.232\C$\Users\Administrator\Desktop\bnhg\硕士学位论文-冯清(终稿1).doc开始读取正常字符

[15:56:14:298]Message:开始读取文本框

[15:56:14:326]Message:开始关闭word

[15:56:20:414]Message:\\192.168.1.232\C$\Users\Administrator\Desktop\bnhg\结构工程-李康最后稿.doc开始读取正常字符

[15:56:21:893]Message:开始读取文本框

[15:56:21:915]Message:开始关闭word

