[8:51:13:129]Message:\\192.168.1.232\C$\Users\Administrator\Desktop\fvzzfg\yx哈想了.doc开始读取正常字符

[8:51:16:256]Message:开始读取文本框

[8:51:16:706]Message:开始关闭word

[8:51:21:553]Message:\\192.168.1.232\C$\Users\Administrator\Desktop\fvzzfg\工程测绘_王琳琳_朱伟刚.doc开始读取正常字符

[8:51:22:488]Message:开始读取文本框

[8:51:22:498]Message:开始关闭word

[8:51:28:680]Message:\\192.168.1.232\C$\Users\Administrator\Desktop\fvzzfg\水利-赵丙芳.doc开始读取正常字符

[8:51:30:158]Message:开始读取文本框

[8:51:30:184]Message:开始关闭word

[8:51:44:597]Message:\\192.168.1.232\C$\Users\Administrator\Desktop\fvzzfg\水利-马可.docx开始读取正常字符

[8:51:46:562]Message:开始读取文本框

[8:51:55:734]Error:读取文本框出错

[8:51:55:735]Message:开始关闭word

[8:51:55:750]Error:关闭word出错

[8:52:1:243]Message:\\192.168.1.232\C$\Users\Administrator\Desktop\fvzzfg\牛心宇正式论文.doc开始读取正常字符

[8:52:2:334]Message:开始读取文本框

[8:52:2:354]Message:开始关闭word

[8:52:7:617]Message:\\192.168.1.232\C$\Users\Administrator\Desktop\fvzzfg\王要锋毕业论文.doc开始读取正常字符

[8:52:8:753]Message:开始读取文本框

[8:52:8:770]Message:开始关闭word

[8:52:13:896]Message:\\192.168.1.232\C$\Users\Administrator\Desktop\fvzzfg\硕士学位论文-冯清(终稿1).doc开始读取正常字符

[8:52:14:919]Message:开始读取文本框

[8:52:14:937]Message:开始关闭word

[8:52:20:404]Message:\\192.168.1.232\C$\Users\Administrator\Desktop\fvzzfg\结构工程-李康最后稿.doc开始读取正常字符

[8:52:21:419]Message:开始读取文本框

[8:52:21:461]Message:开始关闭word

[8:52:25:702]Message:\\192.168.1.232\C$\Users\Administrator\Desktop\fvzzfg\老牛真好.doc开始读取正常字符

[8:52:26:536]Message:开始读取文本框

[8:52:26:553]Message:开始关闭word

[8:52:30:683]Message:\\192.168.1.232\C$\Users\Administrator\Desktop\fvzzfg\论语我.doc开始读取正常字符

[8:52:31:550]Message:开始读取文本框

[8:52:31:594]Message:开始关闭word

[10:4:34:237]Message:\\192.168.1.232\C$\Users\Administrator\Desktop\mlioy\yx哈想了.doc开始读取正常字符

[10:4:35:711]Message:开始读取文本框

[10:4:35:985]Message:开始关闭word

[10:4:40:575]Message:\\192.168.1.232\C$\Users\Administrator\Desktop\mlioy\工程测绘_王琳琳_朱伟刚.doc开始读取正常字符

[10:4:41:676]Message:开始读取文本框

[10:4:41:683]Message:开始关闭word

[10:4:49:30]Message:\\192.168.1.232\C$\Users\Administrator\Desktop\mlioy\水利-赵丙芳.doc开始读取正常字符

[10:4:50:931]Message:开始读取文本框

[10:4:50:955]Message:开始关闭word

[10:5:6:750]Message:\\192.168.1.232\C$\Users\Administrator\Desktop\mlioy\水利-马可.docx开始读取正常字符

[10:5:8:689]Message:开始读取文本框

[10:5:21:680]Error:读取文本框出错

[10:5:21:681]Message:开始关闭word

[10:5:21:694]Error:关闭word出错

[10:5:27:74]Message:\\192.168.1.232\C$\Users\Administrator\Desktop\mlioy\牛心宇正式论文.doc开始读取正常字符

[10:5:28:171]Message:开始读取文本框

[10:5:28:186]Message:开始关闭word

[10:5:33:92]Message:\\192.168.1.232\C$\Users\Administrator\Desktop\mlioy\王要锋毕业论文.doc开始读取正常字符

[10:5:34:108]Message:开始读取文本框

[10:5:34:124]Message:开始关闭word

[10:5:39:337]Message:\\192.168.1.232\C$\Users\Administrator\Desktop\mlioy\硕士学位论文-冯清(终稿1).doc开始读取正常字符

[10:5:40:927]Message:开始读取文本框

[10:5:40:978]Message:开始关闭word

[10:5:46:201]Message:\\192.168.1.232\C$\Users\Administrator\Desktop\mlioy\结构工程-李康最后稿.doc开始读取正常字符

[10:5:47:303]Message:开始读取文本框

[10:5:47:367]Message:开始关闭word

[10:5:51:903]Message:\\192.168.1.232\C$\Users\Administrator\Desktop\mlioy\老牛真好.doc开始读取正常字符

[10:5:52:837]Message:开始读取文本框

[10:5:52:853]Message:开始关闭word

[10:5:56:329]Message:\\192.168.1.232\C$\Users\Administrator\Desktop\mlioy\论语我.doc开始读取正常字符

[10:5:57:268]Message:开始读取文本框

[10:5:57:286]Message:开始关闭word

[14:18:45:205]Message:\\192.168.1.232\C$\Users\Administrator\Desktop\nfgd\yx哈想了.doc开始读取正常字符

[14:18:47:345]Message:开始读取文本框

[14:18:47:518]Message:开始关闭word

[14:18:53:256]Message:\\192.168.1.232\C$\Users\Administrator\Desktop\nfgd\工程测绘_王琳琳_朱伟刚.doc开始读取正常字符

[14:18:54:546]Message:开始读取文本框

[14:18:54:561]Message:开始关闭word

[14:19:1:912]Message:\\192.168.1.232\C$\Users\Administrator\Desktop\nfgd\水利-赵丙芳.doc开始读取正常字符

[14:19:3:686]Message:开始读取文本框

[14:19:3:703]Message:开始关闭word

[14:19:20:35]Message:\\192.168.1.232\C$\Users\Administrator\Desktop\nfgd\水利-马可.docx开始读取正常字符

[14:19:22:216]Message:开始读取文本框

[14:19:32:926]Error:读取文本框出错

[14:19:32:926]Message:开始关闭word

[14:19:32:940]Error:关闭word出错

[14:19:38:230]Message:\\192.168.1.232\C$\Users\Administrator\Desktop\nfgd\牛心宇正式论文.doc开始读取正常字符

[14:19:39:593]Message:开始读取文本框

[14:19:39:611]Message:开始关闭word

[14:19:45:1]Message:\\192.168.1.232\C$\Users\Administrator\Desktop\nfgd\王要锋毕业论文.doc开始读取正常字符

[14:19:46:132]Message:开始读取文本框

[14:19:46:152]Message:开始关闭word

[14:19:51:413]Message:\\192.168.1.232\C$\Users\Administrator\Desktop\nfgd\硕士学位论文-冯清(终稿1).doc开始读取正常字符

[14:19:52:630]Message:开始读取文本框

[14:19:52:673]Message:开始关闭word

[14:19:58:463]Message:\\192.168.1.232\C$\Users\Administrator\Desktop\nfgd\结构工程-李康最后稿.doc开始读取正常字符

[14:19:59:577]Message:开始读取文本框

[14:19:59:615]Message:开始关闭word

[14:20:4:463]Message:\\192.168.1.232\C$\Users\Administrator\Desktop\nfgd\老牛真好.doc开始读取正常字符

[14:20:5:349]Message:开始读取文本框

[14:20:5:372]Message:开始关闭word

[14:20:8:789]Message:\\192.168.1.232\C$\Users\Administrator\Desktop\nfgd\论语我.doc开始读取正常字符

[14:20:9:726]Message:开始读取文本框

[14:20:9:741]Message:开始关闭word

