[9:38:51:407]Message:开始打开word文件

[9:38:53:587]Message:打开word文件成功

[9:38:53:594]Message:获取word目录

[9:38:53:672]Message:开始转pdf

[9:38:55:804]Message:开始打开word文件

[9:38:57:506]Message:打开word文件成功

[9:38:57:512]Message:获取word目录

[9:38:57:771]Message:开始转pdf

[9:38:59:234]Message:开始打开word文件

[9:39:0:962]Message:打开word文件成功

[9:39:0:968]Message:获取word目录

[9:39:1:250]Message:开始转pdf

[9:39:3:300]Message:开始打开word文件

[9:39:4:774]Message:打开word文件成功

[9:39:4:779]Message:获取word目录

[9:39:5:14]Message:开始转pdf

[9:39:12:98]Message:4

[9:39:12:100]Message:否

[9:39:25:334]Message:开始打开word文件

[9:39:26:867]Message:打开word文件成功

[9:39:26:872]Message:获取word目录

[9:39:26:882]Message:开始转pdf

[9:39:28:409]Message:开始打开word文件

[9:39:29:480]Message:4

[9:39:29:482]Message:否

[9:39:30:63]Message:打开word文件成功

[9:39:30:68]Message:获取word目录

[9:39:30:78]Message:开始转pdf

[9:39:30:943]Message:开始打开word文件

[9:39:33:331]Message:打开word文件成功

[9:39:33:337]Message:获取word目录

[9:39:33:621]Message:开始转pdf

[9:39:35:401]Message:开始打开word文件

[9:39:36:788]Message:给定关键字不在字典中。

[9:39:37:730]Message:打开word文件成功

[9:39:37:735]Message:获取word目录

[9:39:38:30]Message:开始转pdf

[9:39:39:88]Message:给定关键字不在字典中。

[9:39:50:894]Message:4

[9:39:50:897]Message:否

[9:40:14:423]Message:给定关键字不在字典中。

[9:40:29:747]Message:开始打开word文件

[9:40:31:660]Message:打开word文件成功

[9:40:31:665]Message:获取word目录

[9:40:31:918]Message:开始转pdf

[9:40:33:791]Message:开始打开word文件

[9:40:36:434]Message:打开word文件成功

[9:40:36:438]Message:获取word目录

[9:40:36:695]Message:开始转pdf

[9:40:39:206]Message:开始打开word文件

[9:40:40:730]Message:打开word文件成功

[9:40:40:735]Message:获取word目录

[9:40:40:795]Message:开始转pdf

[9:40:45:47]Message:开始打开word文件

[9:40:47:391]Message:打开word文件成功

[9:40:47:396]Message:获取word目录

[9:40:47:949]Message:开始转pdf

[9:40:51:869]Message:在创建窗口句柄之前，不能在控件上调用 Invoke 或 BeginInvoke。

[9:44:18:712]Message:4

[9:44:18:727]Message:否

[9:44:39:491]Message:给定关键字不在字典中。

[9:44:48:245]Message:在创建窗口句柄之前，不能在控件上调用 Invoke 或 BeginInvoke。

[10:15:45:265]Message:开始打开word文件

[10:15:47:832]Message:打开word文件成功

[10:15:47:838]Message:获取word目录

[10:15:47:920]Message:开始转pdf

[10:15:49:840]Message:开始打开word文件

[10:15:51:625]Message:打开word文件成功

[10:15:51:631]Message:获取word目录

[10:15:51:925]Message:开始转pdf

[10:15:53:286]Message:开始打开word文件

[10:15:55:350]Message:打开word文件成功

[10:15:55:356]Message:获取word目录

[10:15:55:726]Message:开始转pdf

[10:16:0:642]Message:3

[10:16:0:644]Message:否

[10:16:34:620]Message:3

[10:16:34:622]Message:否

[10:17:10:736]Message:3

[10:17:10:737]Message:否

[10:19:6:187]Message:3

[10:19:6:189]Message:否

[10:22:37:676]Message:3

[10:22:37:678]Message:否

[10:24:34:341]Message:3

[10:24:34:343]Message:否

[10:24:38:54]Message:远程主机强迫关闭了一个现有的连接。

[10:26:17:143]Message:3

[10:26:17:146]Message:否

[10:27:40:639]Message:开始打开word文件

[10:27:42:728]Message:打开word文件成功

[10:27:42:734]Message:获取word目录

[10:27:43:24]Message:开始转pdf

[10:27:45:828]Message:开始打开word文件

[10:27:47:438]Message:打开word文件成功

[10:27:47:444]Message:获取word目录

[10:27:47:454]Message:开始转pdf

[10:27:49:63]Message:开始打开word文件

[10:27:50:803]Message:打开word文件成功

[10:27:50:808]Message:获取word目录

[10:27:50:815]Message:开始转pdf

[10:27:52:137]Message:开始打开word文件

[10:27:54:801]Message:打开word文件成功

[10:27:54:807]Message:获取word目录

[10:27:55:367]Message:开始转pdf

[10:28:0:36]Message:4

[10:28:0:38]Message:是

[10:28:0:45]Message:否

[10:40:43:347]Message:开始打开word文件

[10:40:45:191]Message:打开word文件成功

[10:40:45:197]Message:获取word目录

[10:40:45:269]Message:开始转pdf

[10:40:47:66]Message:开始打开word文件

[10:40:48:848]Message:打开word文件成功

[10:40:48:853]Message:获取word目录

[10:40:49:37]Message:开始转pdf

[10:40:50:344]Message:开始打开word文件

[10:40:52:151]Message:打开word文件成功

[10:40:52:156]Message:获取word目录

[10:40:52:455]Message:开始转pdf

[10:40:56:89]Message:3

[10:40:56:92]Message:否

[10:41:3:941]Message:开始打开word文件

[10:41:5:565]Message:打开word文件成功

[10:41:5:569]Message:获取word目录

[10:41:5:759]Message:开始转pdf

[10:41:8:285]Message:开始打开word文件

[10:41:9:597]Message:打开word文件成功

[10:41:9:602]Message:获取word目录

[10:41:9:612]Message:开始转pdf

[10:41:10:543]Message:开始打开word文件

[10:41:12:164]Message:打开word文件成功

[10:41:12:169]Message:获取word目录

[10:41:12:178]Message:开始转pdf

[10:41:12:827]Message:开始打开word文件

[10:41:15:182]Message:打开word文件成功

[10:41:15:189]Message:获取word目录

[10:41:15:472]Message:开始转pdf

[10:41:20:789]Message:4

[10:41:20:791]Message:否

[10:42:13:237]Message:开始打开word文件

[10:42:15:333]Message:打开word文件成功

[10:42:15:338]Message:获取word目录

[10:42:15:669]Message:开始转pdf

[10:42:18:410]Message:开始打开word文件

[10:42:20:573]Message:打开word文件成功

[10:42:20:578]Message:获取word目录

[10:42:20:810]Message:开始转pdf

[10:42:22:527]Message:开始打开word文件

[10:42:25:318]Message:打开word文件成功

[10:42:25:322]Message:获取word目录

[10:42:25:583]Message:开始转pdf

[10:42:27:893]Message:开始打开word文件

[10:42:29:664]Message:打开word文件成功

[10:42:29:669]Message:获取word目录

[10:42:29:740]Message:开始转pdf

[10:42:34:560]Message:开始打开word文件

[10:42:36:880]Message:打开word文件成功

[10:42:36:887]Message:获取word目录

[10:42:37:211]Message:开始转pdf

[10:42:39:111]Message:开始打开word文件

[10:42:40:509]Message:打开word文件成功

[10:42:40:516]Message:获取word目录

[10:42:40:720]Message:开始转pdf

[10:42:42:653]Message:开始打开word文件

[10:42:44:553]Message:打开word文件成功

[10:42:44:558]Message:获取word目录

[10:42:44:677]Message:开始转pdf

[10:42:53:332]Message:7

[10:42:53:334]Message:否

[10:48:55:484]Message:反序列化对象 属于类型 FileMatch.Entity.SubmitResult 时出现错误。遇到意外字符“@”。

[10:57:45:425]Message:7

[10:57:45:428]Message:是

[10:57:45:432]Message:否

[10:58:29:222]Message:反序列化对象 属于类型 FileMatch.Entity.SubmitResult 时出现错误。遇到意外字符“@”。

[11:3:7:461]Message:7

[11:3:7:464]Message:是

[11:3:7:467]Message:否

[11:5:46:917]Message:反序列化对象 属于类型 FileMatch.Entity.SubmitResult 时出现错误。遇到意外字符“@”。

[11:7:42:152]Message:7

[11:7:42:155]Message:是

[11:7:42:159]Message:否

[11:8:51:805]Message:反序列化对象 属于类型 FileMatch.Entity.SubmitResult 时出现错误。遇到意外字符“@”。

[11:9:53:619]Message:7

[11:9:53:621]Message:是

[11:9:53:624]Message:否

[11:11:41:504]Message:7

[11:11:41:507]Message:是

[11:11:41:512]Message:否

[11:12:23:7]Message:反序列化对象 属于类型 FileMatch.Entity.SubmitResult 时出现错误。遇到意外字符“c”。

[11:14:21:768]Message:7

[11:14:21:770]Message:是

[11:14:21:773]Message:否

[11:23:42:455]Message:7

[11:23:42:457]Message:是

[11:23:42:461]Message:否

[11:24:25:409]Message:反序列化对象 属于类型 FileMatch.Entity.SubmitResult 时出现错误。遇到意外字符“@”。

[11:25:16:784]Message:7

[11:25:16:786]Message:是

[11:25:16:790]Message:否

[11:26:0:265]Message:反序列化对象 属于类型 FileMatch.Entity.SubmitResult 时出现错误。遇到意外字符“@”。

[11:28:27:963]Message:7

[11:28:27:965]Message:是

[11:28:27:969]Message:否

[11:29:14:626]Message:反序列化对象 属于类型 FileMatch.Entity.SubmitResult 时出现错误。遇到意外字符“@”。

[11:49:10:349]Message:开始打开word文件

[11:49:12:613]Message:打开word文件成功

[11:49:12:620]Message:获取word目录

[11:49:12:701]Message:开始转pdf

[11:49:14:655]Message:开始打开word文件

[11:49:16:427]Message:打开word文件成功

[11:49:16:432]Message:获取word目录

[11:49:16:744]Message:开始转pdf

[11:49:22:336]Message:2

[11:49:22:338]Message:否

[11:49:53:250]Message:2

[11:49:53:252]Message:否

[11:53:43:735]Message:2

[11:53:43:738]Message:否

[11:54:26:656]Message:反序列化对象 属于类型 FileMatch.Entity.SubmitResult 时出现错误。遇到意外字符“@”。

[11:55:35:892]Message:开始打开word文件

[11:55:37:666]Message:打开word文件成功

[11:55:37:673]Message:获取word目录

[11:55:37:763]Message:开始转pdf

[11:55:39:262]Message:开始打开word文件

[11:55:40:854]Message:打开word文件成功

[11:55:40:859]Message:获取word目录

[11:55:41:88]Message:开始转pdf

[11:55:46:380]Message:2

[11:55:46:382]Message:否

[12:11:54:541]Message:反序列化对象 属于类型 FileMatch.Entity.SubmitResult 时出现错误。遇到意外字符“@”。

[13:0:54:594]Message:开始打开word文件

[13:0:57:496]Message:打开word文件成功

[13:0:57:501]Message:获取word目录

[13:0:58:21]Message:开始转pdf

[13:1:0:895]Message:开始打开word文件

[13:1:2:638]Message:打开word文件成功

[13:1:2:642]Message:获取word目录

[13:1:2:952]Message:开始转pdf

[13:1:3:859]Message:2

[13:1:3:861]Message:是

[13:1:5:651]Message:开始打开word文件

[13:1:7:289]Message:打开word文件成功

[13:1:7:295]Message:获取word目录

[13:1:7:304]Message:开始转pdf

[13:3:8:117]Message:3

[13:3:8:121]Message:否

[13:12:3:270]Message:开始打开word文件

[13:12:5:368]Message:打开word文件成功

[13:12:5:374]Message:获取word目录

[13:12:5:388]Message:开始转pdf

[13:12:6:872]Message:开始打开word文件

[13:12:9:333]Message:打开word文件成功

[13:12:9:337]Message:获取word目录

[13:12:9:772]Message:开始转pdf

[13:12:31:180]Message:2

[13:12:31:181]Message:是

[13:12:57:267]Message:开始打开word文件

[13:12:59:579]Message:打开word文件成功

[13:12:59:584]Message:获取word目录

[13:12:59:943]Message:开始转pdf

[13:13:2:913]Message:开始打开word文件

[13:13:4:968]Message:打开word文件成功

[13:13:4:972]Message:获取word目录

[13:13:5:251]Message:开始转pdf

[13:13:9:330]Message:2

[13:13:9:332]Message:是

[13:19:0:141]Message:开始打开word文件

[13:19:2:82]Message:打开word文件成功

[13:19:2:88]Message:获取word目录

[13:19:2:177]Message:开始转pdf

[13:19:4:82]Message:开始打开word文件

[13:19:5:735]Message:打开word文件成功

[13:19:5:740]Message:获取word目录

[13:19:6:2]Message:开始转pdf

[13:19:18:112]Message:2

[13:19:18:115]Message:否

[13:19:38:983]Message:开始打开word文件

[13:19:40:784]Message:打开word文件成功

[13:19:40:789]Message:获取word目录

[13:19:41:130]Message:开始转pdf

[13:19:43:209]Message:开始打开word文件

[13:19:44:780]Message:打开word文件成功

[13:19:44:785]Message:获取word目录

[13:19:44:994]Message:开始转pdf

[13:19:46:912]Message:开始打开word文件

[13:19:48:318]Message:打开word文件成功

[13:19:48:323]Message:获取word目录

[13:19:48:331]Message:开始转pdf

[13:21:30:744]Message:3

[13:21:30:745]Message:否

[13:38:37:211]Message:开始打开word文件

[13:38:38:832]Message:打开word文件成功

[13:38:38:837]Message:获取word目录

[13:38:38:846]Message:开始转pdf

[13:38:39:762]Message:开始打开word文件

[13:38:41:977]Message:打开word文件成功

[13:38:41:982]Message:获取word目录

[13:38:42:262]Message:开始转pdf

[13:40:23:124]Message:2

[13:40:23:126]Message:否

[13:43:3:725]Message:开始打开word文件

[13:43:5:298]Message:打开word文件成功

[13:43:5:303]Message:获取word目录

[13:43:8:931]Message:开始转pdf

[13:43:11:37]Message:开始打开word文件

[13:43:12:580]Message:打开word文件成功

[13:43:12:584]Message:获取word目录

[13:43:12:826]Message:开始转pdf

[13:43:14:719]Message:开始打开word文件

[13:43:17:388]Message:打开word文件成功

[13:43:17:393]Message:获取word目录

[13:43:17:668]Message:开始转pdf

[13:47:3:519]Message:3

[13:47:3:522]Message:否

[13:54:3:459]Message:开始打开word文件

[13:54:5:217]Message:打开word文件成功

[13:54:5:222]Message:获取word目录

[13:54:5:295]Message:开始转pdf

[13:54:10:881]Message:开始打开word文件

[13:54:14:128]Message:打开word文件成功

[13:54:14:133]Message:获取word目录

[13:54:14:422]Message:开始转pdf

[14:0:10:678]Message:2

[14:0:10:680]Message:否

[14:6:13:639]Message:2

[14:6:13:642]Message:否

[14:6:23:106]Message:开始打开word文件

[14:6:25:61]Message:打开word文件成功

[14:6:25:67]Message:获取word目录

[14:6:25:292]Message:开始转pdf

[14:6:27:278]Message:开始打开word文件

[14:6:29:932]Message:打开word文件成功

[14:6:29:938]Message:获取word目录

[14:6:30:125]Message:开始转pdf

[14:10:38:362]Message:2

[14:10:38:364]Message:是

[14:13:10:93]Message:开始打开word文件

[14:13:12:53]Message:打开word文件成功

[14:13:12:59]Message:获取word目录

[14:13:12:144]Message:开始转pdf

[14:13:17:811]Message:开始打开word文件

[14:13:19:536]Message:打开word文件成功

[14:13:19:541]Message:获取word目录

[14:13:19:754]Message:开始转pdf

[14:13:33:958]Message:开始打开word文件

[14:13:36:11]Message:打开word文件成功

[14:13:36:17]Message:获取word目录

[14:13:36:365]Message:开始转pdf

[14:13:38:779]Message:开始打开word文件

[14:13:40:663]Message:打开word文件成功

[14:13:40:668]Message:获取word目录

[14:13:40:985]Message:开始转pdf

[14:13:52:179]Message:2

[14:13:52:181]Message:否

[14:19:56:319]Message:2

[14:19:56:321]Message:否

[14:29:21:804]Message:2

[14:29:21:806]Message:否

[14:31:2:600]Message:开始打开word文件

[14:31:4:730]Message:打开word文件成功

[14:31:4:737]Message:获取word目录

[14:31:4:824]Message:开始转pdf

[14:31:6:660]Message:开始打开word文件

[14:31:8:363]Message:打开word文件成功

[14:31:8:367]Message:获取word目录

[14:31:9:524]Message:开始转pdf

[14:31:17:119]Message:开始打开word文件

[14:31:18:914]Message:打开word文件成功

[14:31:18:918]Message:获取word目录

[14:31:19:238]Message:开始转pdf

[14:31:21:333]Message:开始打开word文件

[14:31:22:801]Message:打开word文件成功

[14:31:22:806]Message:获取word目录

[14:31:23:10]Message:开始转pdf

[14:32:24:442]Message:2

[14:32:24:445]Message:否

[14:32:53:827]Message:2

[14:32:53:829]Message:否

[14:33:59:373]Message:开始打开word文件

[14:34:1:586]Message:打开word文件成功

[14:34:1:592]Message:获取word目录

[14:34:1:608]Message:开始转pdf

[14:34:3:608]Message:开始打开word文件

[14:34:5:421]Message:打开word文件成功

[14:34:5:426]Message:获取word目录

[14:34:5:435]Message:开始转pdf

[14:36:22:59]Message:开始打开word文件

[14:36:24:320]Message:打开word文件成功

[14:36:24:328]Message:获取word目录

[14:36:24:421]Message:开始转pdf

[14:36:26:17]Message:开始打开word文件

[14:36:27:752]Message:打开word文件成功

[14:36:27:758]Message:获取word目录

[14:36:27:970]Message:开始转pdf

[14:36:38:432]Message:开始打开word文件

[14:36:40:167]Message:打开word文件成功

[14:36:40:174]Message:获取word目录

[14:36:40:475]Message:开始转pdf

[14:36:42:509]Message:开始打开word文件

[14:36:44:54]Message:打开word文件成功

[14:36:44:59]Message:获取word目录

[14:36:44:258]Message:开始转pdf

[14:36:55:265]Message:2

[14:36:55:267]Message:否

[14:40:5:852]Message:2

[14:40:5:854]Message:否

[14:40:55:313]Message:2

[14:40:55:316]Message:否

[14:45:45:464]Message:开始打开word文件

[14:45:47:366]Message:打开word文件成功

[14:45:47:372]Message:获取word目录

[14:45:47:387]Message:开始转pdf

[14:45:48:735]Message:开始打开word文件

[14:45:50:261]Message:打开word文件成功

[14:45:50:266]Message:获取word目录

[14:45:50:274]Message:开始转pdf

[14:48:39:150]Message:2

[14:48:39:152]Message:是

[14:54:53:819]Message:开始打开word文件

[14:54:55:667]Message:打开word文件成功

[14:54:55:673]Message:获取word目录

[14:54:55:754]Message:开始转pdf

[14:54:57:430]Message:开始打开word文件

[14:54:59:295]Message:打开word文件成功

[14:54:59:300]Message:获取word目录

[14:54:59:509]Message:开始转pdf

[14:55:3:654]Message:开始打开word文件

[14:55:5:361]Message:打开word文件成功

[14:55:5:366]Message:获取word目录

[14:55:5:674]Message:开始转pdf

[14:55:7:721]Message:开始打开word文件

[14:55:9:220]Message:打开word文件成功

[14:55:9:224]Message:获取word目录

[14:55:9:438]Message:开始转pdf

[14:55:27:525]Message:2

[14:55:27:527]Message:否

[14:56:11:959]Message:2

[14:56:25:56]Message:否

[14:59:30:698]Message:2

[14:59:30:701]Message:否

[15:2:44:28]Message:开始打开word文件

[15:2:45:900]Message:打开word文件成功

[15:2:45:906]Message:获取word目录

[15:2:45:987]Message:开始转pdf

[15:2:47:455]Message:开始打开word文件

[15:2:49:232]Message:打开word文件成功

[15:2:49:237]Message:获取word目录

[15:2:49:444]Message:开始转pdf

[15:2:58:705]Message:开始打开word文件

[15:3:0:678]Message:打开word文件成功

[15:3:0:683]Message:获取word目录

[15:3:0:997]Message:开始转pdf

[15:3:3:215]Message:开始打开word文件

[15:3:4:748]Message:打开word文件成功

[15:3:4:754]Message:获取word目录

[15:3:4:987]Message:开始转pdf

[15:3:8:330]Message:2

[15:3:8:333]Message:否

[15:17:55:782]Message:开始打开word文件

[15:17:57:981]Message:打开word文件成功

[15:17:57:987]Message:获取word目录

[15:17:58:81]Message:开始转pdf

[15:17:59:598]Message:开始打开word文件

[15:18:1:262]Message:打开word文件成功

[15:18:1:267]Message:获取word目录

[15:18:1:464]Message:开始转pdf

[15:18:10:118]Message:开始打开word文件

[15:18:11:869]Message:打开word文件成功

[15:18:11:874]Message:获取word目录

[15:18:12:207]Message:开始转pdf

[15:18:14:348]Message:开始打开word文件

[15:18:15:861]Message:打开word文件成功

[15:18:15:866]Message:获取word目录

[15:18:16:96]Message:开始转pdf

[15:18:19:329]Message:2

[15:18:19:332]Message:否

[15:20:7:426]Message:2

[15:20:7:428]Message:否

[15:20:50:65]Message:2

[15:20:50:67]Message:否

[15:21:6:922]Message:1431112879篇发布失败:?????java.lang.RuntimeException: ??[1431112879]Proc_????_GetNextPost,????????

[15:27:25:102]Message:开始打开word文件

[15:27:26:894]Message:打开word文件成功

[15:27:26:901]Message:获取word目录

[15:27:26:989]Message:开始转pdf

[15:27:28:591]Message:开始打开word文件

[15:27:30:702]Message:打开word文件成功

[15:27:30:706]Message:获取word目录

[15:27:30:910]Message:开始转pdf

[15:27:32:223]Message:开始打开word文件

[15:27:33:929]Message:打开word文件成功

[15:27:33:933]Message:获取word目录

[15:27:34:241]Message:开始转pdf

[15:27:44:900]Message:开始打开word文件

[15:27:46:427]Message:打开word文件成功

[15:27:46:431]Message:获取word目录

[15:27:46:626]Message:开始转pdf

[15:27:48:277]Message:3

[15:27:48:279]Message:否

[15:27:48:506]Message:开始打开word文件

[15:27:49:973]Message:打开word文件成功

[15:27:49:978]Message:获取word目录

[15:27:49:986]Message:开始转pdf

[15:27:51:46]Message:开始打开word文件

[15:27:52:618]Message:打开word文件成功

[15:27:52:624]Message:获取word目录

[15:27:52:634]Message:开始转pdf

[15:28:6:369]Message:3

[15:28:6:371]Message:否

[15:32:36:653]Message:3

[15:32:36:654]Message:是

[15:33:39:991]Message:开始打开word文件

[15:33:42:415]Message:打开word文件成功

[15:33:42:419]Message:获取word目录

[15:33:42:766]Message:开始转pdf

[15:33:44:651]Message:开始打开word文件

[15:33:46:854]Message:打开word文件成功

[15:33:46:859]Message:获取word目录

[15:33:47:286]Message:开始转pdf

[15:33:49:750]Message:开始打开word文件

[15:33:51:932]Message:打开word文件成功

[15:33:51:937]Message:获取word目录

[15:33:52:234]Message:开始转pdf

[15:47:15:871]Message:3

[15:47:15:872]Message:否

[15:53:28:12]Message:3

[15:53:28:14]Message:否

[15:54:51:623]Message:开始打开word文件

[15:54:53:571]Message:打开word文件成功

[15:54:53:580]Message:获取word目录

[15:54:53:708]Message:开始转pdf

[15:54:55:195]Message:开始打开word文件

[15:54:56:842]Message:打开word文件成功

[15:54:56:846]Message:获取word目录

[15:54:57:55]Message:开始转pdf

[15:54:58:352]Message:开始打开word文件

[15:55:0:129]Message:打开word文件成功

[15:55:0:133]Message:获取word目录

[15:55:0:447]Message:开始转pdf

[15:55:13:144]Message:开始打开word文件

[15:55:14:639]Message:打开word文件成功

[15:55:14:644]Message:获取word目录

[15:55:14:854]Message:开始转pdf

[15:55:16:745]Message:3

[15:55:16:748]Message:否

[15:55:16:888]Message:开始打开word文件

[15:55:18:227]Message:打开word文件成功

[15:55:18:231]Message:获取word目录

[15:55:18:241]Message:开始转pdf

[15:55:19:263]Message:开始打开word文件

[15:55:30:508]Message:打开word文件成功

[15:55:33:871]Message:获取word目录

[15:55:33:884]Message:开始转pdf

[15:57:2:394]Message:3

[15:57:2:397]Message:是

[15:57:2:401]Message:否

[15:57:47:192]Message:3

[15:57:52:980]Message:否

[15:58:0:59]Message:1431112895篇发布失败:?????java.lang.RuntimeException: ??[1431112895]Proc_????_GetNextPost,????????

[16:0:44:184]Message:3

[16:0:44:187]Message:是

[16:0:44:190]Message:否

[16:0:44:193]Message:是

[16:0:59:926]Message:3

[16:0:59:929]Message:否

[16:1:53:603]Message:开始打开word文件

[16:1:55:876]Message:打开word文件成功

[16:1:55:884]Message:获取word目录

[16:1:56:204]Message:开始转pdf

[16:1:58:80]Message:开始打开word文件

[16:2:0:331]Message:打开word文件成功

[16:2:0:336]Message:获取word目录

[16:2:0:728]Message:开始转pdf

[16:2:2:913]Message:开始打开word文件

[16:2:5:29]Message:打开word文件成功

[16:2:5:33]Message:获取word目录

[16:2:5:351]Message:开始转pdf

[16:2:36:311]Message:3

[16:2:36:312]Message:是

[16:2:36:315]Message:否

[16:2:36:317]Message:是

