[13:26:54:967]Message:g1

[13:26:55:28]Message:领取任务编号:2016082200300003

[13:26:55:69]Message:g2

[13:26:55:70]Message:g3

[13:27:36:308]Message:g1

[13:28:42:804]Message:g1

[13:28:42:807]Message:领取任务编号:2016082200300003

[13:28:43:636]Message:g2

[13:28:43:637]Message:g3

[13:29:27:150]Message:构造批量任务

[13:29:27:217]Message:按钮变换背景

[13:31:49:754]Message:D:\work\53002\20160823\131163876229304835\6\2062\20160822003\中共陕西省委党校2016年论文\朱少波8966113011.docx开始读取正常字符

[13:31:50:242]Message:开始关闭word

[13:31:50:345]Message:BackPdfPath:D:\work\53002\20160823\131163876229304835\6\2062\20160822003\upload\朱少波8966113011[整].pdf

[13:31:50:347]Message:刊盘批量整理sql：insert into db_File values('2016082200300003',"朱少波8966113011.docx",'是','是',0,"D:\work\53002\20160823\131163876229304835\6\2062\20160822003\中共陕西省委党校2016年论文\朱少波8966113011.docx","朱少波8966113011.docx中共陕西省委党校学位论文独创性声明本人声明所呈交的学位论文是我在导师的指导下进行的研究工作及取得的研究成果。尽我所知，除文中已经注明引用的内容外，论文中不包含其他个人已经发表或撰写过的研究成果，也不包含为获得中共陕西省委党校或其他教育机构的学位或证书而使用过的材料。对本文的研究做出重要贡献的个人和集体，均已在文中作了明确说明并表示谢意。作者签名：日期：中共陕西省委党校学位论文使用授权声明本人同意在校攻读学位期间论文工作的知识产权单位属中共陕西省委党校。本人保证毕业离校后，发表本论文或使用本论文成果时署名单位仍为中共陕西省委党校。学校有权保留学位论文并向国家主管部门或其他指定机构送交论文的电子版和纸质版；有权将学位论文用于非赢利目的的少量复制并允许论文进入学校图书馆、院系资料室被查阅；有权将学位论文的内容编入有关数据库进行检索；有权将学位论文的标题和摘要汇编出版。作者签名：导师签名：日期：日期：摘要党的十八大提出要建设人民满意的服务型政府，这就要求各级政府必须积极地提高公共服务能力。良好的公共服务能力最主要的体现就是政府提供的公共服务和公共产品在数量和质量上都能够满足民众需求。扮演政策执行者角色的基层政府是与民众距离最近的政府，工作效果对民众生活产生的影响也最为直接，因此基层政府的公共服务能力建设至关重要。但是由于分税制改革中对政府间事权划分不明确等历史遗留问题，导致政府间事权由高层政府向基层政府层层下放，财权却由基层政府向高层政府层层上收，基层政府所承担的事权责任和所拥有的财权不匹配，使基层政府不能很好地履行公共服务职能。本文从事权与财权相匹配的视角对基层政府中的县一级政府公共服务能力进行了研究，选取了几个有代表意义的县级政府作为研究对象，通过对其获取财政收入的能力和辖区内公共服务和产品供给情况进行分析而得出事权与财权的不匹配是制约县级政府公共服务能力的重要因素。正文首先介绍了研究基层政府公共服务能力的理论基础以及基层政府公共服务能力的构成因素等。其次运用各个要素指标对县级政府公共服务能力状况进行分析，得出县级政府公共服务能力较弱的结论，继而对县级政府公共服务能力弱化的体制原因进行",0,null,"D:\work\53002\20160823\131163876229304835\6\2062\20160822003\整理后\2016082200300003\朱少波8966113011.docx")

[13:31:50:616]Message:开始pdf加水印

[13:31:50:617]Message:pdf重命名

[13:31:52:210]Message:1

[13:31:53:416]Message:2

[13:31:53:960]Message:整理任务执行完毕

[13:31:58:192]Message:开始初始化frm

[13:32:0:91]Message:开始启动endpoint

[13:32:0:132]Message:GetRemoteEp

[13:32:0:216]Message:GetRemoteEp_fe80::2983:23c0:70f4:fde5%11

[13:32:0:217]Message:GetRemoteEp_fe80::75a5:7bfd:60ca:353%13

[13:32:0:217]Message:GetRemoteEp_192.168.1.232

[13:32:0:218]Message:启动endpoint成功

[13:32:0:221]Message:GetRemoteEp

[13:32:0:224]Message:GetRemoteEp_fe80::2983:23c0:70f4:fde5%11

[13:32:0:224]Message:GetRemoteEp_fe80::75a5:7bfd:60ca:353%13

[13:32:0:225]Message:GetRemoteEp_192.168.1.232

[13:32:0:303]Message:要打开的文件编号:2016082200300003

[13:32:0:535]Message:初始化frm成功

[13:36:14:775]Message:g1

[13:36:14:778]Message:领取任务编号:2016082200300003

[13:36:15:550]Message:g2

[13:36:15:552]Message:g3

[13:36:33:616]Message:构造批量任务

[13:36:33:656]Message:按钮变换背景

[13:36:54:635]Message:D:\work\53002\20160823\131163876229304835\6\2062\20160822003\中共陕西省委党校2016年论文\朱少波8966113011.docx开始读取正常字符

[13:36:55:104]Message:开始关闭word

[13:36:55:237]Message:BackPdfPath:D:\work\53002\20160823\131163876229304835\6\2062\20160822003\upload\朱少波8966113011[整].pdf

[13:36:55:264]Message:刊盘批量整理sql：insert into db_File values('2016082200300003',"朱少波8966113011_1.docx",'是','是',0,"D:\work\53002\20160823\131163876229304835\6\2062\20160822003\中共陕西省委党校2016年论文\朱少波8966113011.docx","朱少波8966113011.docx中共陕西省委党校学位论文独创性声明本人声明所呈交的学位论文是我在导师的指导下进行的研究工作及取得的研究成果。尽我所知，除文中已经注明引用的内容外，论文中不包含其他个人已经发表或撰写过的研究成果，也不包含为获得中共陕西省委党校或其他教育机构的学位或证书而使用过的材料。对本文的研究做出重要贡献的个人和集体，均已在文中作了明确说明并表示谢意。作者签名：日期：中共陕西省委党校学位论文使用授权声明本人同意在校攻读学位期间论文工作的知识产权单位属中共陕西省委党校。本人保证毕业离校后，发表本论文或使用本论文成果时署名单位仍为中共陕西省委党校。学校有权保留学位论文并向国家主管部门或其他指定机构送交论文的电子版和纸质版；有权将学位论文用于非赢利目的的少量复制并允许论文进入学校图书馆、院系资料室被查阅；有权将学位论文的内容编入有关数据库进行检索；有权将学位论文的标题和摘要汇编出版。作者签名：导师签名：日期：日期：摘要党的十八大提出要建设人民满意的服务型政府，这就要求各级政府必须积极地提高公共服务能力。良好的公共服务能力最主要的体现就是政府提供的公共服务和公共产品在数量和质量上都能够满足民众需求。扮演政策执行者角色的基层政府是与民众距离最近的政府，工作效果对民众生活产生的影响也最为直接，因此基层政府的公共服务能力建设至关重要。但是由于分税制改革中对政府间事权划分不明确等历史遗留问题，导致政府间事权由高层政府向基层政府层层下放，财权却由基层政府向高层政府层层上收，基层政府所承担的事权责任和所拥有的财权不匹配，使基层政府不能很好地履行公共服务职能。本文从事权与财权相匹配的视角对基层政府中的县一级政府公共服务能力进行了研究，选取了几个有代表意义的县级政府作为研究对象，通过对其获取财政收入的能力和辖区内公共服务和产品供给情况进行分析而得出事权与财权的不匹配是制约县级政府公共服务能力的重要因素。正文首先介绍了研究基层政府公共服务能力的理论基础以及基层政府公共服务能力的构成因素等。其次运用各个要素指标对县级政府公共服务能力状况进行分析，得出县级政府公共服务能力较弱的结论，继而对县级政府公共服务能力弱化的体制原因进行",0,null,"D:\work\53002\20160823\131163876229304835\6\2062\20160822003\整理后\2016082200300003\朱少波8966113011_1.docx")

[13:36:55:588]Message:开始pdf加水印

[13:36:55:589]Message:pdf重命名

[13:36:55:654]Message:1

[13:36:55:947]Message:2

[13:36:56:312]Message:整理任务执行完毕

[13:38:38:140]Message:开始初始化frm

[13:38:38:545]Message:开始启动endpoint

[13:38:38:548]Message:GetRemoteEp

[13:38:38:552]Message:GetRemoteEp_fe80::2983:23c0:70f4:fde5%11

[13:38:38:553]Message:GetRemoteEp_fe80::75a5:7bfd:60ca:353%13

[13:38:38:553]Message:GetRemoteEp_192.168.1.232

[13:38:38:553]Message:启动endpoint成功

[13:38:38:554]Message:GetRemoteEp

[13:38:38:554]Message:GetRemoteEp_fe80::2983:23c0:70f4:fde5%11

[13:38:38:554]Message:GetRemoteEp_fe80::75a5:7bfd:60ca:353%13

[13:38:38:555]Message:GetRemoteEp_192.168.1.232

[13:38:38:576]Message:要打开的文件编号:2016082200300003

[13:38:38:594]Message:初始化frm成功

[13:54:4:972]Message:后台线程运行错误:正在中止线程。

[16:25:53:332]Message:g1

[16:25:53:356]Message:领取任务编号:2016082200300003

[16:25:54:794]Message:g2

[16:25:54:796]Message:g3

[16:26:8:431]Message:构造批量任务

[16:26:8:487]Message:按钮变换背景

[16:26:33:343]Message:g1

[16:26:33:346]Message:领取任务编号:2016082200300003

[16:26:33:356]Message:g2

[16:26:33:356]Message:g3

[16:26:47:346]Message:构造批量任务

[16:26:47:391]Message:按钮变换背景

[16:28:12:634]Message:D:\work\53002\20160823\131163876229304835\6\2062\20160822003\中共陕西省委党校2016年论文\曹洁    陕西维新人士政治思想研究（8966113030 ）.doc开始读取正常字符

[16:28:13:143]Message:开始关闭word

[16:28:13:241]Message:BackPdfPath:D:\work\53002\20160823\131163876229304835\6\2062\20160822003\upload\曹洁    陕西维新人士政治思想研究（8966113030 ）[整].pdf

[16:28:13:242]Message:刊盘批量整理sql：insert into db_File values('2016082200300003',"曹洁    陕西维新人士政治思想研究（8966113030 ）.doc",'是','是',0,"D:\work\53002\20160823\131163876229304835\6\2062\20160822003\中共陕西省委党校2016年论文\曹洁    陕西维新人士政治思想研究（8966113030 ）.doc","曹洁    陕西维新人士政治思想研究（8966113030 ）.doc中文摘要本文以参与变法维新的陕籍进步人士为对象，从政治角度划分类别，研究其政治思想，分析其政治思想的时代特点，在此基础上总结陕西籍维新人士政治思想对陕西社会及西北社会风气开放和进步所做的贡献。甲午中日战争爆发，西方列强掀起在中国强征租借地，划分势力范围的狂潮，中华民族面临“亡国灭种”的危险。中国先进知识分子为改变政治黑暗，挽救民族危机，在全国掀起了一场由康有为、梁启超组织发动的变法改良运动。在陕西，先进的知识分子开始关注国家政治危机，积极响应全国维新人士的变法主张，以发展教育事业、兴办实业、改良政治、推动革命的不同主张和实践，为陕西社会的发展贡献着自己的力量。维新变法期间，陕西维新教育领袖刘古愚刻苦研究西方新学，提出具有建设性的政治主张，建议清政府迁都备战，发展军事，建立新式学堂，鼓励人才以关注时务，学以致用为发展方向；在京的陕籍官员宋伯鲁、李岳瑞则以维护国家政权为目标，提出改变国家大政方针，建立三权分立的政治体制，立宪法以保障政府机构的良性运作。变法失败后，一部分维新人士退出政治舞台，另一部分维新人士意识到变法挽救不了中国，只有革命才是良方。因此，积极投身革命，推动陕西社会的发展进程。本文内容从以下方面展开论述：陕西维新人士政治思想形成的社会背景与分类。清末陕西社会面临天灾人祸，民不聊生；清政府面临列强凌辱，委曲求全。由此，陕西涌现出了一批关心国家安危，注目人民疾苦的先进知识分子。本文将陕西维新人士按其政治思想分为：官僚派、书院派、革命救国派及乡绅进步派。陕西维新人士思想的形成和发展历程。以甲午中日战争、辛亥革命为界限，论述了陕西维新人士思想的萌芽、形成发展与失败和分化与转变历程。深受传统思想影响，甲午中日战争前陕西维新人士对西方了解甚少，只有少部分人开始接触西方思想，探究西学，他们成为响应全国维新变法的先导。中日战争至辛亥革命之前，陕西维新思想蓬勃发展，涌现了一批立志改良国家，挽救民族危机的先进知识分子。在维新变法的影响下，维新人士认识到君主立宪制无法挽救中国，只有革命才是最终的归宿。陕西维新人士的主要政治思想与时代特征。将陕西维新人士的主要政治思想分为非官维新人士,官僚维新人士和革命救国人士进行阐述。非官维新人士以刘古愚的政治思想为中心，官僚维新人士以宋伯鲁、李岳瑞的政治思想为主线，革命救国人士以于右任的政治思想为主分别加以阐述。其次，论述了",0,null,"D:\work\53002\20160823\131163876229304835\6\2062\20160822003\整理后\2016082200300003\曹洁    陕西维新人士政治思想研究（8966113030 ）.doc")

[16:28:13:822]Message:开始pdf加水印

[16:28:13:823]Message:pdf重命名

[16:28:14:162]Message:1

[16:28:14:769]Message:2

[16:28:15:346]Message:整理任务执行完毕

[16:28:21:845]Message:开始初始化frm

[16:28:23:926]Message:开始启动endpoint

[16:28:23:985]Message:GetRemoteEp

[16:28:24:29]Message:GetRemoteEp_fe80::2983:23c0:70f4:fde5%11

[16:28:24:29]Message:GetRemoteEp_fe80::75a5:7bfd:60ca:353%13

[16:28:24:30]Message:GetRemoteEp_192.168.1.232

[16:28:24:30]Message:启动endpoint成功

[16:28:24:31]Message:GetRemoteEp

[16:28:24:32]Message:GetRemoteEp_fe80::2983:23c0:70f4:fde5%11

[16:28:24:32]Message:GetRemoteEp_fe80::75a5:7bfd:60ca:353%13

[16:28:24:32]Message:GetRemoteEp_192.168.1.232

[16:28:24:64]Message:要打开的文件编号:2016082200300003

[16:28:24:173]Message:初始化frm成功

[16:53:27:531]Message:g1

[16:53:27:534]Message:领取任务编号:2016082200300003

[16:53:27:548]Message:g2

[16:53:27:548]Message:g3

[16:53:43:889]Message:构造批量任务

[16:53:43:936]Message:按钮变换背景

[16:54:20:187]Message:D:\work\53002\20160823\131163876229304835\6\2062\20160822003\中共陕西省委党校2016年论文\姓名 杨粉粉 学号8966113029.docx开始读取正常字符

[16:54:20:799]Message:开始关闭word

[16:54:20:945]Message:BackPdfPath:D:\work\53002\20160823\131163876229304835\6\2062\20160822003\upload\姓名 杨粉粉 学号8966113029[整].pdf

[16:54:20:947]Message:刊盘批量整理sql：insert into db_File values('2016082200300003',"姓名 杨粉粉 学号8966113029.docx",'是','是',0,"D:\work\53002\20160823\131163876229304835\6\2062\20160822003\中共陕西省委党校2016年论文\姓名 杨粉粉 学号8966113029.docx","姓名 杨粉粉 学号8966113029.docx中文摘要本文通过解析关学传人牛兆濂一生的经历及其主要著作，分析其文化思想的主要内容、时代特征与学术贡献，并对他的文化思想进行客观评价，对其在关学史的学术地位进行重估。在此基础上，本文试图透过牛兆濂的学术经历，反思关学在近现代中国的发展前途。牛兆濂先生是我国清末民初著名的理学家、教育家和社会活动家。他的文化思想是在他所处的特殊地域环境和时代背景下形成的，其毕生尊崇孔孟程朱之道，教育思想始终以爱国主义为核心，提倡经世致用并且身体力行之，同时自觉担负起了推行乡约、移风易俗的历史使命。其提出的以儒治国，反对新学的思想虽具有文化保守的倾向，但其对关学传统文化的继承与发展作用却是无可厚非的。由于种种原因，牛兆濂先生在学术界的地位与其学术贡献相差甚远。鉴于此因，本论文将站在一个客观的角度上尝试对牛兆濂的文化思想进行整理分析，以期向关学界的学者们介绍先生其人，并对先生的学术地位给出自己的评价。牛兆濂先生在面对新文化的传入，“戊戌变法”、“五四运动”等新思想不断涌现时，表现出抵制和批判的倾向，仍在坚持着自己传统救世的观点，没有看到新思想的先进性，更没觉悟到自己传统救世的观点已远远落后于时代潮流，从这个层面来看，他的努力已不合时宜，体现出保守的卫道士形象。但其学术思想和爱国活动对关中地区产生了深远的影响，则毋庸置疑。牛兆濂作为中国的传统大儒对关学思想的继承与发展起到了承前启后的作用，堪称社会转型时期关学的一位著名学者。本论文主要从以下几个方面展开论述：第一个部分为绪论，主要介绍研究缘起、国内关于该课题的研究现状、研究方法、创新点。第二个部分分为两部分。第一部分主要讲关学源流，介绍了现在学界对关学认识的四种观点，继而分析关学的传承与特征，简单归纳了关学在开创与转型时期的传承者，以及关学的集大成者牛兆濂在中西文化碰撞时仍坚守传统文化的精神；第二部分主要研究牛兆濂其人及其学术生平，通过牛氏三次“请辞于当道”论证出他是一位不慕荣华、淡泊名利的关学大儒，以传授经学和理学、整理先贤遗作、创立芸阁学舍这三个主要线索考察牛蓝川的学术生平。第三部分以《牛兆濂集》为依据主要论述其在文化思想方面的学术观点。分为五个板块，分别为：理学思想、礼学思想、经世思想、教育教化思想和社会改良思想，归纳出牛兆濂的文化思想是以尊崇孔孟程朱之道，以爱国主义为核心，终生致力于教书授徒，并倡导经世致用，且身体力行之的",0,null,"D:\work\53002\20160823\131163876229304835\6\2062\20160822003\整理后\2016082200300003\姓名 杨粉粉 学号8966113029.docx")

[16:54:21:88]Message:开始pdf加水印

[16:54:21:89]Message:pdf重命名

[16:54:21:180]Message:1

[16:54:21:483]Message:2

[16:54:25:71]Message:Abort due to constraint violation
column 编号 is not unique

[16:54:25:99]Message:整理任务执行完毕

[16:54:33:173]Message:开始初始化frm

[16:54:33:656]Message:开始启动endpoint

[16:54:33:659]Message:GetRemoteEp

[16:54:33:663]Message:GetRemoteEp_fe80::2983:23c0:70f4:fde5%11

[16:54:33:663]Message:GetRemoteEp_fe80::75a5:7bfd:60ca:353%13

[16:54:33:663]Message:GetRemoteEp_192.168.1.232

[16:54:33:664]Message:启动endpoint成功

[16:54:33:664]Message:GetRemoteEp

[16:54:33:665]Message:GetRemoteEp_fe80::2983:23c0:70f4:fde5%11

[16:54:33:665]Message:GetRemoteEp_fe80::75a5:7bfd:60ca:353%13

[16:54:33:665]Message:GetRemoteEp_192.168.1.232

[16:54:33:684]Message:要打开的文件编号:2016082200300003

[16:54:33:704]Message:初始化frm成功

[16:54:40:409]Message:后台线程运行错误:正在中止线程。

[16:55:8:556]Message:开始初始化frm

[16:55:8:656]Message:开始启动endpoint

[16:55:8:656]Message:GetRemoteEp

[16:55:8:657]Message:GetRemoteEp_fe80::2983:23c0:70f4:fde5%11

[16:55:8:657]Message:GetRemoteEp_fe80::75a5:7bfd:60ca:353%13

[16:55:8:657]Message:GetRemoteEp_192.168.1.232

[16:55:8:657]Message:启动endpoint成功

[16:55:8:658]Message:GetRemoteEp

[16:55:8:658]Message:GetRemoteEp_fe80::2983:23c0:70f4:fde5%11

[16:55:8:659]Message:GetRemoteEp_fe80::75a5:7bfd:60ca:353%13

[16:55:8:659]Message:GetRemoteEp_192.168.1.232

[16:55:8:680]Message:要打开的文件编号:2016082200300003

[16:55:8:690]Message:初始化frm成功

[16:55:34:796]Message:后台线程运行错误:正在中止线程。

[16:58:20:96]Message:g1

[16:58:20:99]Message:领取任务编号:2016082200300003

[16:58:20:109]Message:g2

[16:58:20:109]Message:g3

[16:59:35:175]Message:g1

[16:59:35:177]Message:领取任务编号:2016082200300003

[16:59:36:231]Message:g2

[16:59:36:232]Message:g3

[16:59:50:869]Message:构造批量任务

[16:59:50:884]Message:按钮变换背景

[17:0:15:19]Message:D:\work\53002\20160823\131163876229304835\6\2062\20160822003\中共陕西省委党校2016年论文\刘福荣 8966113016.docx开始读取正常字符

[17:0:15:394]Message:开始关闭word

[17:0:15:506]Message:BackPdfPath:D:\work\53002\20160823\131163876229304835\6\2062\20160822003\upload\刘福荣 8966113016[整].pdf

[17:0:15:523]Message:刊盘批量整理sql：insert into db_File values('2016082200300003',"刘福荣 8966113016.docx",'是','是',0,"D:\work\53002\20160823\131163876229304835\6\2062\20160822003\中共陕西省委党校2016年论文\刘福荣 8966113016.docx","刘福荣 8966113016.docx分类号D267.9学号8966113016单位代码89661中共陕西省委党校硕士学位论文题目:加强和改进国有企业党组织建设研究作者刘福荣指导教师王彦军学科专业中共党史（含：党的学说与党的建设）研究方向党章与党务工作研究学位类别法学硕士2016年4月中共陕西省委党校学位论文独创性声明本人声明所呈交的学位论文是我在导师的指导下进行的研究工作及取得的研究成果。尽我所知，除文中已经注明引用的内容外，论文中不包含其他个人已经发表或撰写过的研究成果，也不包含为获得中共陕西省委党校或其他教育机构的学位或证书而使用过的材料。对本文的研究做出重要贡献的个人和集体，均已在文中作了明确说明并表示谢意。作者签名：日期：中共陕西省委党校学位论文使用授权声明本人同意在校攻读学位期间论文工作的知识产权单位属中共陕西省委党校。本人保证毕业离校后，发表本论文或使用本论文成果时署名单位仍为中共陕西省委党校。学校有权保留学位论文并向国家主管部门或其他指定机构送交论文的电子版和纸质版；有权将学位论文用于非赢利目的的少量复制并允许论文进入学校图书馆、院系资料室被查阅；有权将学位论文的内容编入有关数据库进行检索；有权将学位论文的标题和摘要汇编出版。作者签名：日期：摘要基层党组织是党作为执政党在国家一线组织中的力量源泉，是党开展各项工作的基础。中国共产党第十七次全国代表大会报告中指出，必须全面发挥基层党组织促进经济增长、推动和谐社会构建、为人民服务方面的作用，此是依据新环境新目标对党组织新功能的归纳与全新要求。在党的第十七届中央委员会第四次全体会议上全面提出新形势下加强基层党组织构建力度的要求。党的十八大报告则指出，创新基层党组织建设工作，夯实党执政的组织基础。国有企业是我国经济的中坚力量，同时是党执政的主要阶级根基与物质根基。增强与改善其党组织构建，是党构建工作的主要内容，也是加强党的执政能力建设的主要内容，还是发展国有企业与格局健全我国新经济体系的客观需求。现今我国正处于全面深化改革的攻坚期和关键期，而加强党对各改革领域的领导作用则显得尤为重要。国有企业改革作为全面深化改革重要构成内容，应当有",0,null,"D:\work\53002\20160823\131163876229304835\6\2062\20160822003\整理后\2016082200300003\刘福荣 8966113016.docx")

[17:0:15:745]Message:开始pdf加水印

[17:0:15:746]Message:pdf重命名

[17:0:15:828]Message:1

[17:0:16:129]Message:2

[17:0:16:485]Message:整理任务执行完毕

[17:0:24:37]Message:开始初始化frm

[17:0:24:465]Message:开始启动endpoint

[17:0:24:468]Message:GetRemoteEp

[17:0:24:472]Message:GetRemoteEp_fe80::2983:23c0:70f4:fde5%11

[17:0:24:472]Message:GetRemoteEp_fe80::75a5:7bfd:60ca:353%13

[17:0:24:472]Message:GetRemoteEp_192.168.1.232

[17:0:24:472]Message:启动endpoint成功

[17:0:24:473]Message:GetRemoteEp

[17:0:24:473]Message:GetRemoteEp_fe80::2983:23c0:70f4:fde5%11

[17:0:24:474]Message:GetRemoteEp_fe80::75a5:7bfd:60ca:353%13

[17:0:24:474]Message:GetRemoteEp_192.168.1.232

[17:0:24:492]Message:要打开的文件编号:2016082200300003

[17:0:24:510]Message:初始化frm成功

[17:2:4:911]Message:后台线程运行错误:正在中止线程。

[17:2:14:735]Message:构造批量任务

[17:2:14:741]Message:按钮变换背景

[17:2:35:935]Message:D:\work\53002\20160823\131163876229304835\6\2062\20160822003\中共陕西省委党校2016年论文\曹洁    陕西维新人士政治思想研究（8966113030 ）.doc开始读取正常字符

[17:2:36:532]Message:开始关闭word

[17:2:37:479]Message:BackPdfPath:D:\work\53002\20160823\131163876229304835\6\2062\20160822003\upload\曹洁    陕西维新人士政治思想研究（8966113030 ）[整].pdf

[17:2:37:481]Message:刊盘批量整理sql：insert into db_File values('2016082200300004',"曹洁    陕西维新人士政治思想研究（8966113030 ）.doc",'是','是',0,"D:\work\53002\20160823\131163876229304835\6\2062\20160822003\中共陕西省委党校2016年论文\曹洁    陕西维新人士政治思想研究（8966113030 ）.doc","曹洁    陕西维新人士政治思想研究（8966113030 ）.doc中文摘要本文以参与变法维新的陕籍进步人士为对象，从政治角度划分类别，研究其政治思想，分析其政治思想的时代特点，在此基础上总结陕西籍维新人士政治思想对陕西社会及西北社会风气开放和进步所做的贡献。甲午中日战争爆发，西方列强掀起在中国强征租借地，划分势力范围的狂潮，中华民族面临“亡国灭种”的危险。中国先进知识分子为改变政治黑暗，挽救民族危机，在全国掀起了一场由康有为、梁启超组织发动的变法改良运动。在陕西，先进的知识分子开始关注国家政治危机，积极响应全国维新人士的变法主张，以发展教育事业、兴办实业、改良政治、推动革命的不同主张和实践，为陕西社会的发展贡献着自己的力量。维新变法期间，陕西维新教育领袖刘古愚刻苦研究西方新学，提出具有建设性的政治主张，建议清政府迁都备战，发展军事，建立新式学堂，鼓励人才以关注时务，学以致用为发展方向；在京的陕籍官员宋伯鲁、李岳瑞则以维护国家政权为目标，提出改变国家大政方针，建立三权分立的政治体制，立宪法以保障政府机构的良性运作。变法失败后，一部分维新人士退出政治舞台，另一部分维新人士意识到变法挽救不了中国，只有革命才是良方。因此，积极投身革命，推动陕西社会的发展进程。本文内容从以下方面展开论述：陕西维新人士政治思想形成的社会背景与分类。清末陕西社会面临天灾人祸，民不聊生；清政府面临列强凌辱，委曲求全。由此，陕西涌现出了一批关心国家安危，注目人民疾苦的先进知识分子。本文将陕西维新人士按其政治思想分为：官僚派、书院派、革命救国派及乡绅进步派。陕西维新人士思想的形成和发展历程。以甲午中日战争、辛亥革命为界限，论述了陕西维新人士思想的萌芽、形成发展与失败和分化与转变历程。深受传统思想影响，甲午中日战争前陕西维新人士对西方了解甚少，只有少部分人开始接触西方思想，探究西学，他们成为响应全国维新变法的先导。中日战争至辛亥革命之前，陕西维新思想蓬勃发展，涌现了一批立志改良国家，挽救民族危机的先进知识分子。在维新变法的影响下，维新人士认识到君主立宪制无法挽救中国，只有革命才是最终的归宿。陕西维新人士的主要政治思想与时代特征。将陕西维新人士的主要政治思想分为非官维新人士,官僚维新人士和革命救国人士进行阐述。非官维新人士以刘古愚的政治思想为中心，官僚维新人士以宋伯鲁、李岳瑞的政治思想为主线，革命救国人士以于右任的政治思想为主分别加以阐述。其次，论述了",0,null,"D:\work\53002\20160823\131163876229304835\6\2062\20160822003\整理后\2016082200300004\曹洁    陕西维新人士政治思想研究（8966113030 ）.doc")

[17:2:37:775]Message:开始pdf加水印

[17:2:37:777]Message:pdf重命名

[17:2:37:874]Message:1

[17:2:37:875]Message:2

[17:2:38:231]Message:整理任务执行完毕

[17:2:39:988]Message:开始初始化frm

[17:2:40:113]Message:开始启动endpoint

[17:2:40:113]Message:GetRemoteEp

[17:2:40:114]Message:GetRemoteEp_fe80::2983:23c0:70f4:fde5%11

[17:2:40:114]Message:GetRemoteEp_fe80::75a5:7bfd:60ca:353%13

[17:2:40:114]Message:GetRemoteEp_192.168.1.232

[17:2:40:114]Message:启动endpoint成功

[17:2:40:115]Message:GetRemoteEp

[17:2:40:115]Message:GetRemoteEp_fe80::2983:23c0:70f4:fde5%11

[17:2:40:116]Message:GetRemoteEp_fe80::75a5:7bfd:60ca:353%13

[17:2:40:116]Message:GetRemoteEp_192.168.1.232

[17:2:40:132]Message:要打开的文件编号:2016082200300003

[17:2:40:142]Message:初始化frm成功

[17:2:42:109]Message:listView2_DoubleClick:2016082200300004

[17:24:47:327]Message:g1

[17:24:47:329]Message:领取任务编号:2016082200300003

[17:24:48:541]Message:g2

[17:24:48:572]Message:g3

[17:25:7:900]Message:构造批量任务

[17:25:7:939]Message:按钮变换背景

[17:25:10:872]Message:madeword1

[17:25:10:876]Message:madeword2

[17:25:10:876]Message:madeword3

[17:25:10:877]Message:madeword3-1D:\work\53002\20160823\131163876229304835\6\2062\20160822003\中共陕西省委党校2016年论文\刘福荣 8966113016.docx

[17:25:11:554]Message:madeword3-2

[17:25:12:101]Message:madeword3-3

[17:25:12:612]Message:madeword4

[17:25:12:633]Message:madeword4.1

[17:25:12:681]Message:madeword4.2

[17:25:12:773]Message:madeword4.3

[17:25:12:805]Message:madeword4.4

[17:25:12:827]Message:madeword4.1

[17:25:12:846]Message:madeword4.2

[17:25:13:72]Message:madeword4.1

[17:25:13:91]Message:madeword4.2

[17:25:15:88]Message:madeword4.1

[17:25:15:114]Message:madeword5

[17:25:15:147]Message:madeword6

[17:25:15:837]Message:madeword7

[17:25:15:846]Message:madeword8

[17:25:15:882]Message:madeword9

[17:25:15:886]Message:madeword10

[17:25:16:818]Message:D:\work\53002\20160823\131163876229304835\6\2062\20160822003\中共陕西省委党校2016年论文\刘福荣 8966113016.docx开始读取正常字符

[17:25:17:141]Message:开始关闭word

[17:25:17:251]Message:BackPdfPath:D:\work\53002\20160823\131163876229304835\6\2062\20160822003\upload\刘福荣 8966113016[整].pdf

[17:25:17:252]Message:刊盘批量整理sql：insert into db_File values('2016082200300003',"刘福荣 8966113016_1.docx",'是','是',0,"D:\work\53002\20160823\131163876229304835\6\2062\20160822003\中共陕西省委党校2016年论文\刘福荣 8966113016.docx","刘福荣 8966113016.docx分类号D267.9学号8966113016单位代码89661中共陕西省委党校硕士学位论文题目:加强和改进国有企业党组织建设研究作者刘福荣指导教师王彦军学科专业中共党史（含：党的学说与党的建设）研究方向党章与党务工作研究学位类别法学硕士2016年4月中共陕西省委党校学位论文独创性声明本人声明所呈交的学位论文是我在导师的指导下进行的研究工作及取得的研究成果。尽我所知，除文中已经注明引用的内容外，论文中不包含其他个人已经发表或撰写过的研究成果，也不包含为获得中共陕西省委党校或其他教育机构的学位或证书而使用过的材料。对本文的研究做出重要贡献的个人和集体，均已在文中作了明确说明并表示谢意。作者签名：日期：中共陕西省委党校学位论文使用授权声明本人同意在校攻读学位期间论文工作的知识产权单位属中共陕西省委党校。本人保证毕业离校后，发表本论文或使用本论文成果时署名单位仍为中共陕西省委党校。学校有权保留学位论文并向国家主管部门或其他指定机构送交论文的电子版和纸质版；有权将学位论文用于非赢利目的的少量复制并允许论文进入学校图书馆、院系资料室被查阅；有权将学位论文的内容编入有关数据库进行检索；有权将学位论文的标题和摘要汇编出版。作者签名：日期：摘要基层党组织是党作为执政党在国家一线组织中的力量源泉，是党开展各项工作的基础。中国共产党第十七次全国代表大会报告中指出，必须全面发挥基层党组织促进经济增长、推动和谐社会构建、为人民服务方面的作用，此是依据新环境新目标对党组织新功能的归纳与全新要求。在党的第十七届中央委员会第四次全体会议上全面提出新形势下加强基层党组织构建力度的要求。党的十八大报告则指出，创新基层党组织建设工作，夯实党执政的组织基础。国有企业是我国经济的中坚力量，同时是党执政的主要阶级根基与物质根基。增强与改善其党组织构建，是党构建工作的主要内容，也是加强党的执政能力建设的主要内容，还是发展国有企业与格局健全我国新经济体系的客观需求。现今我国正处于全面深化改革的攻坚期和关键期，而加强党对各改革领域的领导作用则显得尤为重要。国有企业改革作为全面深化改革重要构成内容，应当有",0,null,"D:\work\53002\20160823\131163876229304835\6\2062\20160822003\整理后\2016082200300003\刘福荣 8966113016_1.docx")

[17:25:17:505]Message:开始pdf加水印

[17:25:17:513]Message:pdf重命名

[17:25:17:589]Message:1

[17:25:17:907]Message:2

[17:25:18:482]Message:整理任务执行完毕

[17:25:38:982]Message:g1

[17:25:38:985]Message:领取任务编号:2016082200300003

[17:25:40:81]Message:g2

[17:25:40:82]Message:g3

[17:25:50:708]Message:构造批量任务

[17:25:50:745]Message:按钮变换背景

[17:26:23:466]Message:D:\work\53002\20160823\131163876229304835\6\2062\20160822003\中共陕西省委党校2016年论文\刘福荣 8966113016.docx开始读取正常字符

[17:26:23:804]Message:开始关闭word

[17:26:23:929]Message:BackPdfPath:D:\work\53002\20160823\131163876229304835\6\2062\20160822003\upload\刘福荣 8966113016[整].pdf

[17:26:23:931]Message:刊盘批量整理sql：insert into db_File values('2016082200300003',"刘福荣 8966113016_2.docx",'是','是',0,"D:\work\53002\20160823\131163876229304835\6\2062\20160822003\中共陕西省委党校2016年论文\刘福荣 8966113016.docx","刘福荣 8966113016.docx分类号D267.9学号8966113016单位代码89661中共陕西省委党校硕士学位论文题目:加强和改进国有企业党组织建设研究作者刘福荣指导教师王彦军学科专业中共党史（含：党的学说与党的建设）研究方向党章与党务工作研究学位类别法学硕士2016年4月中共陕西省委党校学位论文独创性声明本人声明所呈交的学位论文是我在导师的指导下进行的研究工作及取得的研究成果。尽我所知，除文中已经注明引用的内容外，论文中不包含其他个人已经发表或撰写过的研究成果，也不包含为获得中共陕西省委党校或其他教育机构的学位或证书而使用过的材料。对本文的研究做出重要贡献的个人和集体，均已在文中作了明确说明并表示谢意。作者签名：日期：中共陕西省委党校学位论文使用授权声明本人同意在校攻读学位期间论文工作的知识产权单位属中共陕西省委党校。本人保证毕业离校后，发表本论文或使用本论文成果时署名单位仍为中共陕西省委党校。学校有权保留学位论文并向国家主管部门或其他指定机构送交论文的电子版和纸质版；有权将学位论文用于非赢利目的的少量复制并允许论文进入学校图书馆、院系资料室被查阅；有权将学位论文的内容编入有关数据库进行检索；有权将学位论文的标题和摘要汇编出版。作者签名：日期：摘要基层党组织是党作为执政党在国家一线组织中的力量源泉，是党开展各项工作的基础。中国共产党第十七次全国代表大会报告中指出，必须全面发挥基层党组织促进经济增长、推动和谐社会构建、为人民服务方面的作用，此是依据新环境新目标对党组织新功能的归纳与全新要求。在党的第十七届中央委员会第四次全体会议上全面提出新形势下加强基层党组织构建力度的要求。党的十八大报告则指出，创新基层党组织建设工作，夯实党执政的组织基础。国有企业是我国经济的中坚力量，同时是党执政的主要阶级根基与物质根基。增强与改善其党组织构建，是党构建工作的主要内容，也是加强党的执政能力建设的主要内容，还是发展国有企业与格局健全我国新经济体系的客观需求。现今我国正处于全面深化改革的攻坚期和关键期，而加强党对各改革领域的领导作用则显得尤为重要。国有企业改革作为全面深化改革重要构成内容，应当有",0,null,"D:\work\53002\20160823\131163876229304835\6\2062\20160822003\整理后\2016082200300003\刘福荣 8966113016_2.docx")

[17:26:24:65]Message:开始pdf加水印

[17:26:24:65]Message:pdf重命名

[17:26:24:134]Message:1

[17:26:24:430]Message:2

[17:26:24:750]Message:整理任务执行完毕

[17:26:28:952]Message:开始初始化frm

[17:26:29:400]Message:开始启动endpoint

[17:26:29:432]Message:GetRemoteEp

[17:26:29:437]Message:GetRemoteEp_fe80::2983:23c0:70f4:fde5%11

[17:26:29:437]Message:GetRemoteEp_fe80::75a5:7bfd:60ca:353%13

[17:26:29:437]Message:GetRemoteEp_fe80::10e7:1d71:3f57:fe17%12

[17:26:29:437]Message:GetRemoteEp_192.168.1.232

[17:26:29:437]Message:启动endpoint成功

[17:26:29:438]Message:GetRemoteEp

[17:26:29:439]Message:GetRemoteEp_fe80::2983:23c0:70f4:fde5%11

[17:26:29:439]Message:GetRemoteEp_fe80::75a5:7bfd:60ca:353%13

[17:26:29:439]Message:GetRemoteEp_fe80::10e7:1d71:3f57:fe17%12

[17:26:29:439]Message:GetRemoteEp_192.168.1.232

[17:26:29:461]Message:要打开的文件编号:2016082200300003

[17:26:29:479]Message:初始化frm成功

[17:27:15:263]Message:后台线程运行错误:正在中止线程。

[17:28:9:92]Message:g1

[17:28:9:96]Message:领取任务编号:2016082200300003

[17:28:10:292]Message:g2

[17:28:10:293]Message:g3

[17:28:19:914]Message:构造批量任务

[17:28:19:961]Message:按钮变换背景

[17:29:13:761]Message:D:\work\53002\20160823\131163876229304835\6\2062\20160822003\中共陕西省委党校2016年论文\刘福荣 8966113016.docx开始读取正常字符

[17:29:14:77]Message:开始关闭word

[17:29:14:185]Message:BackPdfPath:D:\work\53002\20160823\131163876229304835\6\2062\20160822003\upload\刘福荣 8966113016[整].pdf

[17:29:14:187]Message:刊盘批量整理sql：insert into db_File values('2016082200300003',"刘福荣 8966113016_3.docx",'是','是',0,"D:\work\53002\20160823\131163876229304835\6\2062\20160822003\中共陕西省委党校2016年论文\刘福荣 8966113016.docx","刘福荣 8966113016.docx分类号D267.9学号8966113016单位代码89661中共陕西省委党校硕士学位论文题目:加强和改进国有企业党组织建设研究作者刘福荣指导教师王彦军学科专业中共党史（含：党的学说与党的建设）研究方向党章与党务工作研究学位类别法学硕士2016年4月中共陕西省委党校学位论文独创性声明本人声明所呈交的学位论文是我在导师的指导下进行的研究工作及取得的研究成果。尽我所知，除文中已经注明引用的内容外，论文中不包含其他个人已经发表或撰写过的研究成果，也不包含为获得中共陕西省委党校或其他教育机构的学位或证书而使用过的材料。对本文的研究做出重要贡献的个人和集体，均已在文中作了明确说明并表示谢意。作者签名：日期：中共陕西省委党校学位论文使用授权声明本人同意在校攻读学位期间论文工作的知识产权单位属中共陕西省委党校。本人保证毕业离校后，发表本论文或使用本论文成果时署名单位仍为中共陕西省委党校。学校有权保留学位论文并向国家主管部门或其他指定机构送交论文的电子版和纸质版；有权将学位论文用于非赢利目的的少量复制并允许论文进入学校图书馆、院系资料室被查阅；有权将学位论文的内容编入有关数据库进行检索；有权将学位论文的标题和摘要汇编出版。作者签名：日期：摘要基层党组织是党作为执政党在国家一线组织中的力量源泉，是党开展各项工作的基础。中国共产党第十七次全国代表大会报告中指出，必须全面发挥基层党组织促进经济增长、推动和谐社会构建、为人民服务方面的作用，此是依据新环境新目标对党组织新功能的归纳与全新要求。在党的第十七届中央委员会第四次全体会议上全面提出新形势下加强基层党组织构建力度的要求。党的十八大报告则指出，创新基层党组织建设工作，夯实党执政的组织基础。国有企业是我国经济的中坚力量，同时是党执政的主要阶级根基与物质根基。增强与改善其党组织构建，是党构建工作的主要内容，也是加强党的执政能力建设的主要内容，还是发展国有企业与格局健全我国新经济体系的客观需求。现今我国正处于全面深化改革的攻坚期和关键期，而加强党对各改革领域的领导作用则显得尤为重要。国有企业改革作为全面深化改革重要构成内容，应当有",0,null,"D:\work\53002\20160823\131163876229304835\6\2062\20160822003\整理后\2016082200300003\刘福荣 8966113016_3.docx")

[17:29:14:334]Message:开始pdf加水印

[17:29:14:335]Message:pdf重命名

[17:29:14:404]Message:1

[17:29:14:706]Message:2

[17:29:15:53]Message:整理任务执行完毕

[17:29:20:887]Message:开始初始化frm

[17:29:21:397]Message:开始启动endpoint

[17:29:21:399]Message:GetRemoteEp

[17:29:21:404]Message:GetRemoteEp_fe80::2983:23c0:70f4:fde5%11

[17:29:21:404]Message:GetRemoteEp_fe80::75a5:7bfd:60ca:353%13

[17:29:21:404]Message:GetRemoteEp_192.168.1.232

[17:29:21:404]Message:启动endpoint成功

[17:29:21:405]Message:GetRemoteEp

[17:29:21:406]Message:GetRemoteEp_fe80::2983:23c0:70f4:fde5%11

[17:29:21:406]Message:GetRemoteEp_fe80::75a5:7bfd:60ca:353%13

[17:29:21:406]Message:GetRemoteEp_192.168.1.232

[17:29:21:425]Message:要打开的文件编号:2016082200300003

[17:29:21:443]Message:初始化frm成功

[17:29:43:143]Message:后台线程运行错误:正在中止线程。

