[11:26:58:889]Message:g1

[11:26:58:978]Message:领取任务编号:2016082200300003

[11:26:59:56]Message:g2

[11:26:59:58]Message:g3

[11:27:45:763]Message:g1

[11:27:45:768]Message:领取任务编号:2016082200300003

[11:27:46:630]Message:g2

[11:27:46:632]Message:g3

[11:27:52:63]Message:构造批量任务

[11:27:52:167]Message:按钮变换背景

[11:27:52:190]Message:madeword1

[11:27:52:190]Message:madeword2

[11:27:52:191]Message:madeword3

[11:27:52:192]Message:madeword3-1D:\work\53002\20160823\131163876229304835\6\2062\20160822003\中共陕西省委党校2016年论文\2013210084-陈伟丽.doc

[11:28:1:75]Message:madeword3-2

[11:28:5:65]Message:madeword3-3

[11:28:6:954]Message:madeword4

[11:28:6:985]Message:madeword4.1

[11:28:7:685]Message:madeword4.2

[11:28:8:51]Message:madeword4.3

[11:28:8:117]Message:madeword4.4

[11:28:9:181]Message:madeword4.1

[11:28:9:274]Message:madeword4.2

[11:28:10:174]Message:madeword4.1

[11:28:10:243]Message:madeword4.2

[11:28:10:484]Message:madeword4.1

[11:28:10:502]Message:madeword4.2

[11:28:11:223]Message:madeword4.1

[11:28:11:242]Message:madeword5

[11:28:11:300]Message:madeword6

[11:28:19:482]Message:madeword7

[11:28:19:513]Message:madeword8

[11:28:19:564]Message:madeword9

[11:28:19:571]Message:madeword10

[11:28:20:763]Message:D:\work\53002\20160823\131163876229304835\6\2062\20160822003\中共陕西省委党校2016年论文\2013210084-陈伟丽.doc开始读取正常字符

[11:28:21:419]Message:开始关闭word

[11:28:21:460]Message:BackPdfPath:D:\work\53002\20160823\131163876229304835\6\2062\20160822003\upload\2013210084-陈伟丽[整].pdf

[11:28:21:987]Message:刊盘批量整理sql：insert into db_File values('2016082200300003',"2013210084-陈伟丽.doc",'是','是',0,"D:\work\53002\20160823\131163876229304835\6\2062\20160822003\中共陕西省委党校2016年论文\2013210084-陈伟丽.doc","2013210084-陈伟丽.doc关系型交易与证券分析师盈余预测---基于主要供应商/客户视角Relationshiptransactionandanalysts’earningsforecasts:evidencefromkeysuppliersandcustomers研究生姓名：陈伟丽学位类别：学术学位二级学科：会计学研究方向：公司财务与会计导师姓名：李刚导师职称：副教授答辩日期：2016年5月21日摘要目前中国的证券市场还处于发育阶段，运行机制还不够健全，投资者以个人投资者居多。个人投资者因为缺乏专业的财务知识，并且常常处于信息劣势的地位，所以往往需要分析师为他们提供专业的信息服务。资本市场中的信息中介——证券分析师，一方面通过对会计信息的解读能够有效地改善投资者与上市公司之间的信息不对称，提高资本市场的配置效率。另一方面，随着投资者对未来信息需求的增大，分析师可以通过发布盈余预测来满足投资者的信息需求。因此，随着我国资本市场的发展和不断的完善，证券分析师在资本市场中的作用越来越重要。探究分析师盈余预测行为的影响因素一直都是学者们研究的焦点问题，现有的文献主要集中于会计信息质量、审计质量、公司规模、业绩预告信息、管理层等方面对分析师盈余预测行为的影响，并没有从关系型交易（供应商和客户集中度）的角度来研究其对分析师盈余预测行为的影响。近年来，随着国内外学者对供应商和客户的研究，他们发现供应商/客户集中度对公司审计行为、资本结构、股权结构以及会计信息质量都产生了影响。在法治环境较差的地区，关系型交易能够节约交易成本，因此在法治环境不好的地区可能更多的依赖关系型交易。中国目前处于转型经济阶段，法律制度还不够完善，信任度低，这一制度特征为我们研究关系型交易如何影响证券分析师的盈余预测提供了良好的机遇。因此本文以有效市场理论、信息不对称理论、会计信息有用性理论和交易成本理论等为基础，以2007年-2014年沪市和深市的上市的制造业公司为研究样本，来研究关系型交易（供应商/客户）对证券分析师盈余预测的行为的影响。本文的研究结论表明：客户集中度与证券分析师盈余预测的跟随人数呈现显著负相关关系；客户集中度与证券分析师的盈余预测误差呈现显著正相关关系；客户集中度与证券分析师盈",0,null,"D:\work\53002\20160823\131163876229304835\6\2062\20160822003\整理后\2016082200300003\2013210084-陈伟丽.doc")

[11:28:23:213]Message:开始pdf加水印

[11:28:23:323]Message:pdf重命名

[11:28:23:748]Message:1

[11:28:24:320]Message:2

[11:28:25:3]Message:开始初始化frm

[11:28:26:79]Message:开始启动endpoint

[11:28:26:123]Message:GetRemoteEp

[11:28:26:193]Message:GetRemoteEp_fe80::2983:23c0:70f4:fde5%11

[11:28:26:194]Message:GetRemoteEp_fe80::75a5:7bfd:60ca:353%13

[11:28:26:195]Message:GetRemoteEp_192.168.1.232

[11:28:26:196]Message:启动endpoint成功

[11:28:26:199]Message:GetRemoteEp

[11:28:26:202]Message:GetRemoteEp_fe80::2983:23c0:70f4:fde5%11

[11:28:26:203]Message:GetRemoteEp_fe80::75a5:7bfd:60ca:353%13

[11:28:26:203]Message:GetRemoteEp_192.168.1.232

[11:28:26:439]Message:要打开的文件编号:2016082200300003

[11:28:26:585]Message:初始化frm成功

[11:28:26:654]Message:整理任务执行完毕

[11:29:28:721]Message:后台线程运行错误:正在中止线程。

[11:29:48:527]Message:g1

[11:29:48:532]Message:领取任务编号:2016082200300004

[11:29:49:565]Message:g2

[11:29:49:567]Message:g3

[11:30:5:607]Message:构造批量任务

[11:30:5:644]Message:按钮变换背景

[11:30:10:549]Message:D:\work\53002\20160823\131163876229304835\6\2062\20160822003\中共陕西省委党校2016年论文\2013210084-陈伟丽.doc开始读取正常字符

[11:30:11:55]Message:开始关闭word

[11:30:11:164]Message:BackPdfPath:D:\work\53002\20160823\131163876229304835\6\2062\20160822003\upload\2013210084-陈伟丽[整].pdf

[11:30:11:220]Message:刊盘批量整理sql：insert into db_File values('2016082200300004',"2013210084-陈伟丽.doc",'是','是',0,"D:\work\53002\20160823\131163876229304835\6\2062\20160822003\中共陕西省委党校2016年论文\2013210084-陈伟丽.doc","2013210084-陈伟丽.doc关系型交易与证券分析师盈余预测---基于主要供应商/客户视角Relationshiptransactionandanalysts’earningsforecasts:evidencefromkeysuppliersandcustomers研究生姓名：陈伟丽学位类别：学术学位二级学科：会计学研究方向：公司财务与会计导师姓名：李刚导师职称：副教授答辩日期：2016年5月21日摘要目前中国的证券市场还处于发育阶段，运行机制还不够健全，投资者以个人投资者居多。个人投资者因为缺乏专业的财务知识，并且常常处于信息劣势的地位，所以往往需要分析师为他们提供专业的信息服务。资本市场中的信息中介——证券分析师，一方面通过对会计信息的解读能够有效地改善投资者与上市公司之间的信息不对称，提高资本市场的配置效率。另一方面，随着投资者对未来信息需求的增大，分析师可以通过发布盈余预测来满足投资者的信息需求。因此，随着我国资本市场的发展和不断的完善，证券分析师在资本市场中的作用越来越重要。探究分析师盈余预测行为的影响因素一直都是学者们研究的焦点问题，现有的文献主要集中于会计信息质量、审计质量、公司规模、业绩预告信息、管理层等方面对分析师盈余预测行为的影响，并没有从关系型交易（供应商和客户集中度）的角度来研究其对分析师盈余预测行为的影响。近年来，随着国内外学者对供应商和客户的研究，他们发现供应商/客户集中度对公司审计行为、资本结构、股权结构以及会计信息质量都产生了影响。在法治环境较差的地区，关系型交易能够节约交易成本，因此在法治环境不好的地区可能更多的依赖关系型交易。中国目前处于转型经济阶段，法律制度还不够完善，信任度低，这一制度特征为我们研究关系型交易如何影响证券分析师的盈余预测提供了良好的机遇。因此本文以有效市场理论、信息不对称理论、会计信息有用性理论和交易成本理论等为基础，以2007年-2014年沪市和深市的上市的制造业公司为研究样本，来研究关系型交易（供应商/客户）对证券分析师盈余预测的行为的影响。本文的研究结论表明：客户集中度与证券分析师盈余预测的跟随人数呈现显著负相关关系；客户集中度与证券分析师的盈余预测误差呈现显著正相关关系；客户集中度与证券分析师盈",0,null,"D:\work\53002\20160823\131163876229304835\6\2062\20160822003\整理后\2016082200300004\2013210084-陈伟丽.doc")

[11:30:11:387]Message:开始pdf加水印

[11:30:11:413]Message:pdf重命名

[11:30:11:489]Message:1

[11:30:11:850]Message:2

[11:30:12:182]Message:整理任务执行完毕

[11:30:13:420]Message:开始初始化frm

[11:30:13:766]Message:开始启动endpoint

[11:30:13:768]Message:GetRemoteEp

[11:30:13:772]Message:GetRemoteEp_fe80::2983:23c0:70f4:fde5%11

[11:30:13:773]Message:GetRemoteEp_fe80::75a5:7bfd:60ca:353%13

[11:30:13:773]Message:GetRemoteEp_192.168.1.232

[11:30:13:773]Message:启动endpoint成功

[11:30:13:783]Message:GetRemoteEp

[11:30:13:785]Message:GetRemoteEp_fe80::2983:23c0:70f4:fde5%11

[11:30:13:785]Message:GetRemoteEp_fe80::75a5:7bfd:60ca:353%13

[11:30:13:785]Message:GetRemoteEp_192.168.1.232

[11:30:13:798]Message:要打开的文件编号:2016082200300004

[11:30:13:816]Message:初始化frm成功

[11:39:19:326]Message:后台线程运行错误:正在中止线程。

[11:39:45:702]Message:g1

[11:39:45:705]Message:领取任务编号:2016082200300005

[11:39:47:370]Message:g2

[11:39:47:372]Message:g3

[11:39:51:655]Message:构造批量任务

[11:39:51:706]Message:按钮变换背景

[11:39:54:25]Message:madeword1

[11:39:54:26]Message:madeword2

[11:39:54:26]Message:madeword3

[11:39:54:27]Message:madeword3-1D:\work\53002\20160823\131163876229304835\6\2062\20160822003\中共陕西省委党校2016年论文\2013210084-陈伟丽.doc

[11:39:55:276]Message:madeword3-2

[11:39:55:869]Message:madeword3-3

[11:39:56:800]Message:madeword4

[11:39:56:888]Message:madeword4.1

[11:39:57:15]Message:madeword4.2

[11:39:57:337]Message:madeword4.3

[11:39:57:393]Message:madeword4.4

[11:40:11:804]Message:madeword4.1

[11:40:12:776]Message:madeword4.2

[11:40:29:690]Message:madeword4.1

[11:40:29:744]Message:madeword4.2

[11:40:35:959]Message:madeword4.1

[11:40:36:3]Message:madeword4.2

[11:40:44:181]Message:madeword4.1

[11:40:44:215]Message:madeword5

[11:40:44:263]Message:madeword6

[11:40:45:358]Message:madeword7

[11:40:45:398]Message:madeword8

[11:40:45:567]Message:madeword9

[11:40:45:575]Message:madeword10

[11:40:46:681]Message:D:\work\53002\20160823\131163876229304835\6\2062\20160822003\中共陕西省委党校2016年论文\2013210084-陈伟丽.doc开始读取正常字符

[11:40:47:264]Message:开始关闭word

[11:40:47:382]Message:BackPdfPath:D:\work\53002\20160823\131163876229304835\6\2062\20160822003\upload\2013210084-陈伟丽[整].pdf

[11:40:47:388]Message:刊盘批量整理sql：insert into db_File values('2016082200300005',"2013210084-陈伟丽.doc",'是','是',0,"D:\work\53002\20160823\131163876229304835\6\2062\20160822003\中共陕西省委党校2016年论文\2013210084-陈伟丽.doc","2013210084-陈伟丽.doc关系型交易与证券分析师盈余预测---基于主要供应商/客户视角Relationshiptransactionandanalysts’earningsforecasts:evidencefromkeysuppliersandcustomers研究生姓名：陈伟丽学位类别：学术学位二级学科：会计学研究方向：公司财务与会计导师姓名：李刚导师职称：副教授答辩日期：2016年5月21日摘要目前中国的证券市场还处于发育阶段，运行机制还不够健全，投资者以个人投资者居多。个人投资者因为缺乏专业的财务知识，并且常常处于信息劣势的地位，所以往往需要分析师为他们提供专业的信息服务。资本市场中的信息中介——证券分析师，一方面通过对会计信息的解读能够有效地改善投资者与上市公司之间的信息不对称，提高资本市场的配置效率。另一方面，随着投资者对未来信息需求的增大，分析师可以通过发布盈余预测来满足投资者的信息需求。因此，随着我国资本市场的发展和不断的完善，证券分析师在资本市场中的作用越来越重要。探究分析师盈余预测行为的影响因素一直都是学者们研究的焦点问题，现有的文献主要集中于会计信息质量、审计质量、公司规模、业绩预告信息、管理层等方面对分析师盈余预测行为的影响，并没有从关系型交易（供应商和客户集中度）的角度来研究其对分析师盈余预测行为的影响。近年来，随着国内外学者对供应商和客户的研究，他们发现供应商/客户集中度对公司审计行为、资本结构、股权结构以及会计信息质量都产生了影响。在法治环境较差的地区，关系型交易能够节约交易成本，因此在法治环境不好的地区可能更多的依赖关系型交易。中国目前处于转型经济阶段，法律制度还不够完善，信任度低，这一制度特征为我们研究关系型交易如何影响证券分析师的盈余预测提供了良好的机遇。因此本文以有效市场理论、信息不对称理论、会计信息有用性理论和交易成本理论等为基础，以2007年-2014年沪市和深市的上市的制造业公司为研究样本，来研究关系型交易（供应商/客户）对证券分析师盈余预测的行为的影响。本文的研究结论表明：客户集中度与证券分析师盈余预测的跟随人数呈现显著负相关关系；客户集中度与证券分析师的盈余预测误差呈现显著正相关关系；客户集中度与证券分析师盈",0,null,"D:\work\53002\20160823\131163876229304835\6\2062\20160822003\整理后\2016082200300005\2013210084-陈伟丽.doc")

[11:40:47:673]Message:开始pdf加水印

[11:40:47:678]Message:pdf重命名

[11:40:47:744]Message:1

[11:40:48:125]Message:2

[11:40:48:706]Message:整理任务执行完毕

[11:40:51:342]Message:开始初始化frm

[11:40:52:320]Message:开始启动endpoint

[11:40:52:335]Message:GetRemoteEp

[11:40:52:351]Message:GetRemoteEp_fe80::2983:23c0:70f4:fde5%11

[11:40:52:351]Message:GetRemoteEp_fe80::75a5:7bfd:60ca:353%13

[11:40:52:351]Message:GetRemoteEp_192.168.1.232

[11:40:52:352]Message:启动endpoint成功

[11:40:52:353]Message:GetRemoteEp

[11:40:52:353]Message:GetRemoteEp_fe80::2983:23c0:70f4:fde5%11

[11:40:52:354]Message:GetRemoteEp_fe80::75a5:7bfd:60ca:353%13

[11:40:52:354]Message:GetRemoteEp_192.168.1.232

[11:40:52:376]Message:要打开的文件编号:2016082200300005

[11:40:52:396]Message:初始化frm成功

[11:42:42:46]Message:g1

[11:42:42:49]Message:领取任务编号:2016082200300005

[11:42:42:997]Message:g2

[11:42:42:999]Message:g3

[11:42:44:968]Message:构造批量任务

[11:42:45:13]Message:按钮变换背景

[11:42:46:980]Message:madeword1

[11:42:46:981]Message:madeword2

[11:42:46:982]Message:madeword3

[11:42:46:983]Message:madeword3-1D:\work\53002\20160823\131163876229304835\6\2062\20160822003\中共陕西省委党校2016年论文\2013210084-陈伟丽.doc

[11:42:47:766]Message:madeword3-2

[11:42:48:313]Message:madeword3-3

[11:42:49:251]Message:madeword4

[11:42:49:271]Message:madeword4.1

[11:42:49:357]Message:madeword4.2

[11:42:49:697]Message:madeword4.3

[11:42:53:270]Message:madeword4.4

[11:43:0:29]Message:madeword4.1

[11:43:0:117]Message:madeword4.2

[11:43:5:376]Message:madeword4.1

[11:43:5:421]Message:madeword4.2

[11:43:7:200]Message:madeword4.1

[11:43:7:222]Message:madeword4.2

[11:43:12:93]Message:madeword4.1

[11:43:12:133]Message:madeword5

[11:43:12:183]Message:madeword6

[11:43:12:769]Message:madeword7

[11:43:12:778]Message:madeword8

[11:43:12:814]Message:madeword9

[11:43:12:820]Message:madeword10

[11:43:13:519]Message:D:\work\53002\20160823\131163876229304835\6\2062\20160822003\中共陕西省委党校2016年论文\2013210084-陈伟丽.doc开始读取正常字符

[11:43:14:35]Message:开始关闭word

[11:43:14:151]Message:BackPdfPath:D:\work\53002\20160823\131163876229304835\6\2062\20160822003\upload\2013210084-陈伟丽[整].pdf

[11:43:14:171]Message:刊盘批量整理sql：insert into db_File values('2016082200300005',"2013210084-陈伟丽_1.doc",'是','是',0,"D:\work\53002\20160823\131163876229304835\6\2062\20160822003\中共陕西省委党校2016年论文\2013210084-陈伟丽.doc","2013210084-陈伟丽.doc关系型交易与证券分析师盈余预测---基于主要供应商/客户视角Relationshiptransactionandanalysts’earningsforecasts:evidencefromkeysuppliersandcustomers研究生姓名：陈伟丽学位类别：学术学位二级学科：会计学研究方向：公司财务与会计导师姓名：李刚导师职称：副教授答辩日期：2016年5月21日摘要目前中国的证券市场还处于发育阶段，运行机制还不够健全，投资者以个人投资者居多。个人投资者因为缺乏专业的财务知识，并且常常处于信息劣势的地位，所以往往需要分析师为他们提供专业的信息服务。资本市场中的信息中介——证券分析师，一方面通过对会计信息的解读能够有效地改善投资者与上市公司之间的信息不对称，提高资本市场的配置效率。另一方面，随着投资者对未来信息需求的增大，分析师可以通过发布盈余预测来满足投资者的信息需求。因此，随着我国资本市场的发展和不断的完善，证券分析师在资本市场中的作用越来越重要。探究分析师盈余预测行为的影响因素一直都是学者们研究的焦点问题，现有的文献主要集中于会计信息质量、审计质量、公司规模、业绩预告信息、管理层等方面对分析师盈余预测行为的影响，并没有从关系型交易（供应商和客户集中度）的角度来研究其对分析师盈余预测行为的影响。近年来，随着国内外学者对供应商和客户的研究，他们发现供应商/客户集中度对公司审计行为、资本结构、股权结构以及会计信息质量都产生了影响。在法治环境较差的地区，关系型交易能够节约交易成本，因此在法治环境不好的地区可能更多的依赖关系型交易。中国目前处于转型经济阶段，法律制度还不够完善，信任度低，这一制度特征为我们研究关系型交易如何影响证券分析师的盈余预测提供了良好的机遇。因此本文以有效市场理论、信息不对称理论、会计信息有用性理论和交易成本理论等为基础，以2007年-2014年沪市和深市的上市的制造业公司为研究样本，来研究关系型交易（供应商/客户）对证券分析师盈余预测的行为的影响。本文的研究结论表明：客户集中度与证券分析师盈余预测的跟随人数呈现显著负相关关系；客户集中度与证券分析师的盈余预测误差呈现显著正相关关系；客户集中度与证券分析师盈",0,null,"D:\work\53002\20160823\131163876229304835\6\2062\20160822003\整理后\2016082200300005\2013210084-陈伟丽_1.doc")

[11:43:14:378]Message:开始pdf加水印

[11:43:14:383]Message:pdf重命名

[11:43:14:452]Message:1

[11:43:14:766]Message:2

[11:43:15:342]Message:整理任务执行完毕

[13:44:56:626]Message:g1

[13:44:56:629]Message:领取任务编号:2016082200300005

[13:44:56:719]Message:g2

[13:44:56:720]Message:g3

[13:45:23:827]Message:开始初始化frm

[13:45:24:235]Message:开始启动endpoint

[13:45:24:239]Message:GetRemoteEp

[13:45:24:245]Message:GetRemoteEp_fe80::2983:23c0:70f4:fde5%11

[13:45:24:245]Message:GetRemoteEp_fe80::75a5:7bfd:60ca:353%13

[13:45:24:246]Message:GetRemoteEp_192.168.1.232

[13:45:24:246]Message:启动endpoint成功

[13:45:24:247]Message:GetRemoteEp

[13:45:24:248]Message:GetRemoteEp_fe80::2983:23c0:70f4:fde5%11

[13:45:24:248]Message:GetRemoteEp_fe80::75a5:7bfd:60ca:353%13

[13:45:24:249]Message:GetRemoteEp_192.168.1.232

[13:45:24:272]Message:要打开的文件编号:2016082200300005

[13:45:24:342]Message:初始化frm成功

[13:46:53:103]Message:后台线程运行错误:正在中止线程。

[13:47:12:794]Message:开始初始化frm

[13:47:12:905]Message:开始启动endpoint

[13:47:12:906]Message:GetRemoteEp

[13:47:12:907]Message:GetRemoteEp_fe80::2983:23c0:70f4:fde5%11

[13:47:12:908]Message:GetRemoteEp_fe80::75a5:7bfd:60ca:353%13

[13:47:12:908]Message:GetRemoteEp_192.168.1.232

[13:47:12:908]Message:启动endpoint成功

[13:47:12:909]Message:GetRemoteEp

[13:47:12:910]Message:GetRemoteEp_fe80::2983:23c0:70f4:fde5%11

[13:47:12:910]Message:GetRemoteEp_fe80::75a5:7bfd:60ca:353%13

[13:47:12:910]Message:GetRemoteEp_192.168.1.232

[13:47:12:943]Message:要打开的文件编号:2016082200300005

[13:47:12:953]Message:初始化frm成功

[13:47:15:112]Message:后台线程运行错误:正在中止线程。

[13:48:34:258]Message:开始初始化frm

[13:48:34:412]Message:开始启动endpoint

[13:48:34:413]Message:GetRemoteEp

[13:48:34:414]Message:GetRemoteEp_fe80::2983:23c0:70f4:fde5%11

[13:48:34:414]Message:GetRemoteEp_fe80::75a5:7bfd:60ca:353%13

[13:48:34:415]Message:GetRemoteEp_192.168.1.232

[13:48:34:415]Message:启动endpoint成功

[13:48:34:416]Message:GetRemoteEp

[13:48:34:417]Message:GetRemoteEp_fe80::2983:23c0:70f4:fde5%11

[13:48:34:417]Message:GetRemoteEp_fe80::75a5:7bfd:60ca:353%13

[13:48:34:417]Message:GetRemoteEp_192.168.1.232

[13:48:34:435]Message:要打开的文件编号:2016082200300005

[13:48:34:446]Message:初始化frm成功

[13:48:40:931]Message:后台线程运行错误:正在中止线程。

[13:49:56:583]Message:g1

[13:49:56:586]Message:领取任务编号:2016082200300005

[13:49:56:649]Message:g2

[13:49:56:651]Message:g3

[13:55:30:364]Message:g1

[15:9:24:660]Message:g1

[15:9:24:682]Message:领取任务编号:2016082200300005

[15:9:24:923]Message:g2

[15:9:24:968]Message:g3

