[8:59:37:976]Message:g1

[8:59:38:117]Message:领取任务编号:2016082200300005

[8:59:38:210]Message:g2

[8:59:38:210]Message:g3

[8:59:52:52]Message:构造批量任务

[8:59:52:151]Message:按钮变换背景

[8:59:52:188]Message:madeword1

[8:59:52:188]Message:madeword2

[8:59:52:188]Message:madeword3

[8:59:52:189]Message:madeword3-1D:\work\53002\20160823\131163876229304835\6\2062\20160822003\中共陕西省委党校2016年论文\刘福荣 8966113016.docx

[8:59:56:602]Message:madeword3-2

[8:59:57:585]Message:madeword3-3

[8:59:59:24]Message:madeword4.1

[8:59:59:243]Message:madeword4.2

[8:59:59:321]Message:madeword4.3

[8:59:59:352]Message:madeword4.4

[8:59:59:477]Message:madeword4.1

[8:59:59:539]Message:madeword4.2

[8:59:59:742]Message:madeword4.1

[8:59:59:758]Message:madeword4.2

[9:0:10:297]Message:madeword6

[9:0:15:609]Message:madeword7

[9:0:15:625]Message:madeword8

[9:0:15:656]Message:madeword9

[9:0:15:672]Message:madeword10

[9:0:16:405]Message:D:\work\53002\20160823\131163876229304835\6\2062\20160822003\中共陕西省委党校2016年论文\刘福荣 8966113016.docx开始读取正常字符

[9:0:16:732]Message:开始关闭word

[9:0:16:857]Message:BackPdfPath:D:\work\53002\20160823\131163876229304835\6\2062\20160822003\upload\刘福荣 8966113016[整].pdf

[9:0:16:857]Message:刊盘批量整理sql：insert into db_File values('2016082200300005',"刘福荣 8966113016.docx",'是','是',0,"D:\work\53002\20160823\131163876229304835\6\2062\20160822003\中共陕西省委党校2016年论文\刘福荣 8966113016.docx","刘福荣 8966113016.docx分类号D267.9学号8966113016单位代码89661中共陕西省委党校硕士学位论文题目:加强和改进国有企业党组织建设研究作者刘福荣指导教师王彦军学科专业中共党史（含：党的学说与党的建设）研究方向党章与党务工作研究学位类别法学硕士2016年4月中共陕西省委党校学位论文独创性声明本人声明所呈交的学位论文是我在导师的指导下进行的研究工作及取得的研究成果。尽我所知，除文中已经注明引用的内容外，论文中不包含其他个人已经发表或撰写过的研究成果，也不包含为获得中共陕西省委党校或其他教育机构的学位或证书而使用过的材料。对本文的研究做出重要贡献的个人和集体，均已在文中作了明确说明并表示谢意。作者签名：日期：中共陕西省委党校学位论文使用授权声明本人同意在校攻读学位期间论文工作的知识产权单位属中共陕西省委党校。本人保证毕业离校后，发表本论文或使用本论文成果时署名单位仍为中共陕西省委党校。学校有权保留学位论文并向国家主管部门或其他指定机构送交论文的电子版和纸质版；有权将学位论文用于非赢利目的的少量复制并允许论文进入学校图书馆、院系资料室被查阅；有权将学位论文的内容编入有关数据库进行检索；有权将学位论文的标题和摘要汇编出版。作者签名：日期：摘要基层党组织是党作为执政党在国家一线组织中的力量源泉，是党开展各项工作的基础。中国共产党第十七次全国代表大会报告中指出，必须全面发挥基层党组织促进经济增长、推动和谐社会构建、为人民服务方面的作用，此是依据新环境新目标对党组织新功能的归纳与全新要求。在党的第十七届中央委员会第四次全体会议上全面提出新形势下加强基层党组织构建力度的要求。党的十八大报告则指出，创新基层党组织建设工作，夯实党执政的组织基础。国有企业是我国经济的中坚力量，同时是党执政的主要阶级根基与物质根基。增强与改善其党组织构建，是党构建工作的主要内容，也是加强党的执政能力建设的主要内容，还是发展国有企业与格局健全我国新经济体系的客观需求。现今我国正处于全面深化改革的攻坚期和关键期，而加强党对各改革领域的领导作用则显得尤为重要。国有企业改革作为全面深化改革重要构成内容，应当有",0,null,"D:\work\53002\20160823\131163876229304835\6\2062\20160822003\整理后\2016082200300005\刘福荣 8966113016.docx")

[9:0:17:606]Message:开始pdf加水印

[9:0:17:606]Message:pdf重命名

[9:0:17:840]Message:1

[9:0:18:448]Message:2

[9:0:24:941]Message:Abort due to constraint violation
column 编号 is not unique

[9:0:25:34]Message:整理任务执行完毕

[9:0:58:739]Message:g1

[9:0:58:739]Message:领取任务编号:2016082200300005

[9:0:59:848]Message:g2

[9:0:59:848]Message:g3

[9:1:7:59]Message:构造批量任务

[9:1:7:108]Message:按钮变换背景

[9:1:7:120]Message:madeword1

[9:1:7:121]Message:madeword2

[9:1:7:121]Message:madeword3

[9:1:7:121]Message:madeword3-1D:\work\53002\20160823\131163876229304835\6\2062\20160822003\中共陕西省委党校2016年论文\2013级答辩后检测\刘丹8966113003.doc

[9:1:7:800]Message:madeword3-2

[9:1:8:463]Message:madeword3-3

[9:1:10:369]Message:madeword4.1

[9:1:10:485]Message:madeword4.2

[9:1:10:547]Message:madeword4.3

[9:1:10:641]Message:madeword4.4

[9:1:10:656]Message:madeword4.1

[9:1:10:672]Message:madeword4.2

[9:1:10:688]Message:madeword4.3

[9:1:10:750]Message:madeword4.4

[9:1:10:781]Message:madeword4.1

[9:1:11:0]Message:madeword4.2

[9:1:11:156]Message:madeword4.1

[9:1:11:171]Message:madeword4.2

[9:1:11:251]Message:madeword4.1

[9:1:11:265]Message:madeword4.2

[9:1:11:589]Message:madeword4.1

[9:1:11:634]Message:madeword6

[9:1:12:276]Message:madeword7

[9:1:12:285]Message:madeword8

[9:1:12:423]Message:madeword9

[9:1:12:423]Message:madeword10

[9:1:13:110]Message:D:\work\53002\20160823\131163876229304835\6\2062\20160822003\中共陕西省委党校2016年论文\2013级答辩后检测\刘丹8966113003.doc开始读取正常字符

[9:1:13:749]Message:开始关闭word

[9:1:13:843]Message:BackPdfPath:D:\work\53002\20160823\131163876229304835\6\2062\20160822003\upload\刘丹8966113003[整].pdf

[9:1:13:858]Message:刊盘批量整理sql：insert into db_File values('2016082200300005',"刘丹8966113003.doc",'是','是',0,"D:\work\53002\20160823\131163876229304835\6\2062\20160822003\中共陕西省委党校2016年论文\2013级答辩后检测\刘丹8966113003.doc","刘丹8966113003.doc分类号B0-0学号8966113003单位代码89661中共陕西省委党校硕士学位论文题目:当代中国转型期社会信任的缺失与重建作者：刘丹指导教师：曹飞教授学科专业：马克思主义哲学研究方向：政治哲学与政治文明建设学位类别：硕士2016年6月中共陕西省委党校学位论文独创性声明本人声明所呈交的学位论文是我在导师的指导下进行的的研究工作及取得的研究成果。尽我所知，除文中已经注明引用的内容外，论文中不包含其他个人已经发表或撰写过的研究成果，也不包含为获得中共陕西省委党校或其他教育机构的学位或证书而使用过的材料。对本文的研究做出重要贡献的个人和集体，均已在文中作了明确说明并表示谢意。作者签名：日期：导师签名：中共陕西省委党校学位论文使用授权声明本人同意在校攻读学位期间论文工作的知识产权单位属中共陕西省委党校。本人保证毕业离校后，发表本论文或使用本论文成果时署名单位仍为中共陕西省委党校。学校有权保留学位论文并向国家主管部门或其他指定构送交论文的电子版和纸质版；有权将学位论文用于非赢利目的的少量复制并允许论文进入学校图书馆、院系资料室被查阅；有权将学位论文的内容编入有关数据库进行检索；有权将学位论文的标题和摘要汇编出版。作者签名：日期：导师签名：中文摘要社会信任是人类生存发展的重要条件，既是维系人们经济社会生活的基本纽带，也是实现人类社会可持续发展不可或缺的基本要素。在中国，延续几千年的是一种以自然经济、小农经济为基础的传统社会。这就决定了人们之间的交往也多是在血缘、亲缘、地缘等狭小范围内的进行，于是，社会信任要么建立在基于血缘、亲属、宗族关系之上的熟人之间，要么也往往要通过例如干亲、结拜等方式将陌生人变成熟人之后再信任",0,null,"D:\work\53002\20160823\131163876229304835\6\2062\20160822003\整理后\2016082200300005\刘丹8966113003.doc")

[9:1:14:233]Message:开始pdf加水印

[9:1:14:233]Message:pdf重命名

[9:1:14:311]Message:1

[9:1:14:592]Message:2

[9:1:15:202]Message:madeword1

[9:1:15:203]Message:madeword2

[9:1:15:203]Message:madeword3

[9:1:15:203]Message:madeword3-1D:\work\53002\20160823\131163876229304835\6\2062\20160822003\中共陕西省委党校2016年论文\2013级答辩后检测\刘阳.doc

[9:1:15:831]Message:madeword3-2

[9:1:16:299]Message:madeword3-3

[9:1:17:360]Message:madeword4.1

[9:1:17:360]Message:madeword4.2

[9:1:17:375]Message:madeword4.3

[9:1:17:391]Message:madeword4.4

[9:1:17:406]Message:madeword4.1

[9:1:17:422]Message:madeword4.2

[9:1:17:438]Message:madeword4.1

[9:1:17:453]Message:madeword4.2

[9:1:17:516]Message:madeword4.1

[9:1:17:531]Message:madeword4.2

[9:1:17:594]Message:madeword4.1

[9:1:17:609]Message:madeword4.2

[9:1:17:625]Message:madeword4.1

[9:1:17:640]Message:madeword4.2

[9:1:18:140]Message:madeword4.1

[9:1:18:186]Message:madeword6

[9:1:18:498]Message:madeword7

[9:1:18:514]Message:madeword8

[9:1:18:545]Message:madeword9

[9:1:18:561]Message:madeword10

[9:1:19:193]Message:D:\work\53002\20160823\131163876229304835\6\2062\20160822003\中共陕西省委党校2016年论文\2013级答辩后检测\刘阳.doc开始读取正常字符

[9:1:19:576]Message:开始关闭word

[9:1:19:701]Message:BackPdfPath:D:\work\53002\20160823\131163876229304835\6\2062\20160822003\upload\刘阳[整].pdf

[9:1:19:701]Message:刊盘批量整理sql：insert into db_File values('2016082200300006',"刘阳.doc",'是','是',0,"D:\work\53002\20160823\131163876229304835\6\2062\20160822003\中共陕西省委党校2016年论文\2013级答辩后检测\刘阳.doc","刘阳.doc中共陕西省委党校学位论文独创性声明本人声明所呈交的学位论文是我在导师的指导下进行的研究工作及取得的研究成果。尽我所知，除文中已经注明引用的内容外，论文中不包含其他个人已经发表或撰写过的研究成果，也不包含为获得中共陕西省委党校或其他教育机构的学位或证书而使用过的材料。对本文的研究做出重要贡献的个人和集体，均已在文中作了明确说明并表示谢意。作者签名：____________日期：____________中共陕西省委党校学位论文使用授权声明本人同意在校攻读学位期间论文工作的知识产权单位属于中共陕西省委党校。本人保证毕业离校后，发表本论文或使用本论文成果时署名单位仍为中共陕西省委党校。学校有权保留学位论文并向国家主管部门或其他制定机构交送论文的电子版和纸质版，允许论文被查阅和借阅，有权将学位论文的全部或部分内容编入《中国优秀博硕士学位论文全文数据库》和《中国知识资源总库》进行检索，可以采用影印、缩影或其他复制手段保存学位论文，可以公开学位论文的全部或部分内容。本学位论文属于（请在以上相应方框内打“√”）保密□，在年解密后试用本授权书不保密□作者签名：____________日期：____________摘要中国作为一个“以农为本”的传统农业大国，中国在进入近代以后，长期面临的困局就是如何促进农村、农业和农民的现代化转型。但迄今为止，这一转型尚未完成，仍然面临诸多问题。因而，解决“三农问题”也成为当前现代化建设过程中党和国家的难点、重点问题之一。本文通过对人民公社时期的泾阳农村社发展的全面调查，得到了关于该县农村社会发展的一些重要资料。在此基础上，从利益博弈视角对泾阳县农村发展遇到的困局展开深入研究，进一步探究人民公社期间农村集体化道路破产的真实原因，为当下解决农村的现代化出路问题提供借鉴。本文共分为六部分，第一部分为绪论，论述了选题的目的及意义、研究现状和研究方法。第二部分介绍了人民公社化运动期间泾阳农村的发展概况，包括自然、政治、经济、社会文化四个方面。第三部分介绍了泾阳县农村人民公社化的发展历程，包括创办、发展和解体三个阶段。第四部分从利益博弈的视角分析了泾阳人民公社制度解体的原因。第五部分通过对人民公社化运动的研究，以史为鉴，论述了人民公社化运动对泾阳",0,null,"D:\work\53002\20160823\131163876229304835\6\2062\20160822003\整理后\2016082200300006\刘阳.doc")

[9:1:19:966]Message:开始pdf加水印

[9:1:19:982]Message:pdf重命名

[9:1:19:997]Message:1

[9:1:19:997]Message:2

[9:1:20:387]Message:整理任务执行完毕

[9:1:22:474]Message:构造批量任务

[9:1:22:490]Message:按钮变换背景

[9:1:22:490]Message:madeword1

[9:1:22:490]Message:madeword2

[9:1:22:490]Message:madeword3

[9:1:22:490]Message:madeword3-1D:\work\53002\20160823\131163876229304835\6\2062\20160822003\中共陕西省委党校2016年论文\2013级答辩后检测\卫杰（8966113024 ）.doc

[9:1:23:162]Message:madeword3-2

[9:1:23:552]Message:madeword3-3

[9:1:24:971]Message:madeword4.1

[9:1:24:987]Message:madeword4.2

[9:1:25:49]Message:madeword4.3

[9:1:25:65]Message:madeword4.4

[9:1:25:80]Message:madeword4.1

[9:1:25:96]Message:madeword4.2

[9:1:25:112]Message:madeword4.3

[9:1:25:127]Message:madeword4.4

[9:1:25:143]Message:madeword4.1

[9:1:25:158]Message:madeword4.2

[9:1:25:221]Message:madeword4.1

[9:1:25:252]Message:madeword4.2

[9:1:25:330]Message:madeword4.1

[9:1:25:470]Message:madeword6

[9:1:26:890]Message:madeword7

[9:1:26:906]Message:madeword8

[9:1:26:937]Message:madeword9

[9:1:26:937]Message:madeword10

[9:1:27:561]Message:D:\work\53002\20160823\131163876229304835\6\2062\20160822003\中共陕西省委党校2016年论文\2013级答辩后检测\卫杰（8966113024 ）.doc开始读取正常字符

[9:1:28:13]Message:开始关闭word

[9:1:28:138]Message:BackPdfPath:D:\work\53002\20160823\131163876229304835\6\2062\20160822003\upload\卫杰（8966113024 ）[整].pdf

[9:1:28:138]Message:刊盘批量整理sql：insert into db_File values('2016082200300007',"卫杰（8966113024 ）.doc",'是','是',0,"D:\work\53002\20160823\131163876229304835\6\2062\20160822003\中共陕西省委党校2016年论文\2013级答辩后检测\卫杰（8966113024 ）.doc","卫杰（8966113024 ）.doc分类号D262.6学号8966113024单位代码89661中共陕西省委党校硕士学位论文题目：习近平反腐倡廉思想研究指导教师：毕远佞教授研究生：卫杰学科专业：马克思主义中国化研究研究方向：马克思主义中国化最新成果研究论文题目：习近平反腐倡廉思想研究学位类别：法学2016年6月中共陕西省委党校学位论文独创性声明本人声明所呈交的学位论文是我在导师的指导下进行的研究工作及取得的研究成果。尽我所知，除文中已经注明引用的内容外，论文中不包含其他个人已经发表或撰写过的研究成果，也不包含为获得中共陕西省委党校或其他教育机构的学位或证书而使用过的材料。对本文的研究做出重要贡献的个人和集体，均已在文中作了明确说明并表示谢意。作者签名：日期：中共陕西省委党校学位论文使用授权声明本人同意在校攻读学位期间论文工作的知识产权单位属中共陕西省委党校。本人保证毕业离校后，发表本论文或使用本论文成果时署名单位仍为中共陕西省委党校。学校有权保留学位论文并向国家主管部门或其他指定机构送交论文的电子版和纸质版；有权将学位论文用于非赢利目的的少量复制并允许论文进入学校图书馆、院系资料室被查阅；有权将学位论文的内容编入有关数据库进行检索；有权将学位论文的标题和摘要汇编出版。作者签名：日期：摘要反腐倡廉建设作为党的建设的一项重大任务，一直被中国共产党历代领导人所重视。特别是党的十八以来，以习近平同志为总书记的新一届中央领导集体从关系党和国家生死存亡的高度深入扎实推进了党风廉政建设和反腐败斗争，并且提出了一系列关于反腐倡廉建设的新思想、新观点、新论断，形成了具有鲜明时代特色的习近平反腐倡廉思想。习近平反腐倡廉思想是在继承和发展马克思列宁主义、毛泽东思想、中国特色社会主义理论体系关于反腐倡廉思想的基础上，为适应我国现阶段严峻复杂的反腐败斗争形势需要而形成的有关反腐倡廉建设的一系列思想、观点和方",0,null,"D:\work\53002\20160823\131163876229304835\6\2062\20160822003\整理后\2016082200300007\卫杰（8966113024 ）.doc")

[9:1:28:310]Message:开始pdf加水印

[9:1:28:310]Message:pdf重命名

[9:1:28:341]Message:1

[9:1:28:341]Message:2

[9:1:28:653]Message:整理任务执行完毕

[9:1:33:3]Message:构造批量任务

[9:1:33:19]Message:按钮变换背景

[9:1:33:34]Message:madeword1

[9:1:33:34]Message:madeword2

[9:1:33:34]Message:madeword3

[9:1:33:34]Message:madeword3-1D:\work\53002\20160823\131163876229304835\6\2062\20160822003\中共陕西省委党校2016年论文\2013级答辩后检测\张棚 8966113002检测.doc

[9:1:33:711]Message:madeword3-2

[9:1:34:227]Message:madeword3-3

[9:1:35:272]Message:madeword4.1

[9:1:35:287]Message:madeword4.2

[9:1:35:350]Message:madeword4.3

[9:1:35:365]Message:madeword4.4

[9:1:35:381]Message:madeword4.1

[9:1:35:397]Message:madeword4.2

[9:1:35:412]Message:madeword4.3

[9:1:35:428]Message:madeword4.4

[9:1:35:443]Message:madeword4.1

[9:1:35:459]Message:madeword4.2

[9:1:36:366]Message:madeword4.1

[9:1:36:381]Message:madeword4.2

[9:1:36:553]Message:madeword4.1

[9:1:36:600]Message:madeword6

[9:1:37:83]Message:madeword7

[9:1:37:83]Message:madeword8

[9:1:37:115]Message:madeword9

[9:1:37:115]Message:madeword10

[9:1:37:754]Message:D:\work\53002\20160823\131163876229304835\6\2062\20160822003\中共陕西省委党校2016年论文\2013级答辩后检测\张棚 8966113002检测.doc开始读取正常字符

[9:1:38:160]Message:开始关闭word

[9:1:38:269]Message:BackPdfPath:D:\work\53002\20160823\131163876229304835\6\2062\20160822003\upload\张棚 8966113002检测[整].pdf

[9:1:38:269]Message:刊盘批量整理sql：insert into db_File values('2016082200300008',"张棚 8966113002检测.doc",'是','是',0,"D:\work\53002\20160823\131163876229304835\6\2062\20160822003\中共陕西省委党校2016年论文\2013级答辩后检测\张棚 8966113002检测.doc","张棚 8966113002检测.doc分类号B0-0学号8966113002单位代码89661中共陕西省委党校硕士学位论文题目:马克思的主体性思想及其当代意义作者张棚指导教师曹延莉学科专业马克思主义哲学研究方向唯物史观与当代社会主义学位类别哲学硕士2016年5月中共陕西省委党校学位论文独创性声明本人声明所呈交的学位论文是我在导师的指导下进行的研究工作及取得的研究成果。尽我所知，除文中已经注明引用的内容外，论文中不包含其他个人已经发表或撰写过的研究成果，也不包含为获得中共陕西省委党校或其他教育机构的学位或证书而使用过的材料。对本文的研究做出重要贡献的个人和集体，均已在文中作了明确说明并表示谢意。作者签名：日期：中共陕西省委党校学位论文使用授权声明本人同意在校攻读学位期间论文工作的知识产权单位属中共陕西省委党校。本人保证毕业离校后，发表本论文或使用本论文成果时署名单位仍为中共陕西省委党校。学校有权保留学位论文并向国家主管部门或其他指定机构送交论文的电子版和纸质版；有权将学位论文用于非赢利目的的少量复制并允许论文进入学校图书馆、院系资料室被查阅；有权将学位论文的内容编入有关数据库进行检索；有权将学位论文的标题和摘要汇编出版。作者签名：日期：摘要自近代以来，主体性一直是西方哲学的基础性、核心性问题之一，也是马克思主义哲学基础的一个重要组成部分。20世纪以来，伴随着死亡、黄昏等字眼，主体性理论在哲学中遭受到了空前的批判和反思。但这种批判与反思针对的主体性与马克思视野中的主体性有着根本的区别。因此，必须阐明主体性在何种程度上应该遭到批判与扬弃，同时说明马克思主体性思想的批判性、革命性与科学性。本文通过揭示主体性思想从古希腊哲学起源到近代主体性哲学的历史发展演变，说明了主体性思想的内在逻辑与面临的理论困境。马克思对主体性的阐释是建立在对近代主体性思想的批判和继承之上的，既有黑格尔、费尔巴哈哲学的影子，又在其发",0,null,"D:\work\53002\20160823\131163876229304835\6\2062\20160822003\整理后\2016082200300008\张棚 8966113002检测.doc")

[9:1:38:487]Message:开始pdf加水印

[9:1:38:487]Message:pdf重命名

[9:1:38:534]Message:1

[9:1:38:534]Message:2

[9:1:39:18]Message:整理任务执行完毕

[9:1:40:187]Message:开始初始化frm

[9:1:40:795]Message:开始启动endpoint

[9:1:40:857]Message:GetRemoteEp

[9:1:40:904]Message:GetRemoteEp_fe80::2983:23c0:70f4:fde5%11

[9:1:40:904]Message:GetRemoteEp_fe80::75a5:7bfd:60ca:353%13

[9:1:40:904]Message:GetRemoteEp_192.168.1.232

[9:1:40:904]Message:启动endpoint成功

[9:1:40:904]Message:GetRemoteEp

[9:1:40:904]Message:GetRemoteEp_fe80::2983:23c0:70f4:fde5%11

[9:1:40:904]Message:GetRemoteEp_fe80::75a5:7bfd:60ca:353%13

[9:1:40:904]Message:GetRemoteEp_192.168.1.232

[9:1:41:29]Message:要打开的文件编号:2016082200300005

[9:1:41:107]Message:初始化frm成功

[9:1:43:681]Message:listView2_DoubleClick:2016082200300006

[9:1:45:491]Message:listView2_DoubleClick:2016082200300005

[9:1:49:515]Message:listView2_DoubleClick:2016082200300008

[9:1:50:857]Message:listView2_DoubleClick:2016082200300007

[9:9:41:477]Message:后台线程运行错误:正在中止线程。

[9:21:9:599]Message:g1

[9:21:9:601]Message:领取任务编号:2016082200300005

[9:21:9:717]Message:g2

[9:21:9:718]Message:g3

[9:21:11:407]Message:开始初始化frm

[9:21:11:853]Message:开始启动endpoint

[9:21:11:856]Message:GetRemoteEp

[9:21:11:861]Message:GetRemoteEp_fe80::2983:23c0:70f4:fde5%11

[9:21:11:861]Message:GetRemoteEp_fe80::75a5:7bfd:60ca:353%13

[9:21:11:861]Message:GetRemoteEp_192.168.1.232

[9:21:11:861]Message:启动endpoint成功

[9:21:11:862]Message:GetRemoteEp

[9:21:11:863]Message:GetRemoteEp_fe80::2983:23c0:70f4:fde5%11

[9:21:11:863]Message:GetRemoteEp_fe80::75a5:7bfd:60ca:353%13

[9:21:11:863]Message:GetRemoteEp_192.168.1.232

[9:21:11:891]Message:要打开的文件编号:2016082200300005

[9:21:11:910]Message:初始化frm成功

[9:21:15:808]Message:listView2_DoubleClick:2016082200300006

[9:21:18:23]Message:listView2_DoubleClick:2016082200300007

[9:21:20:503]Message:listView2_DoubleClick:2016082200300008

[9:21:21:999]Message:listView2_DoubleClick:2016082200300005

[9:21:27:751]Message:listView2_DoubleClick:2016082200300006

[9:21:32:951]Message:listView2_DoubleClick:2016082200300005

[9:21:36:247]Message:后台线程运行错误:正在中止线程。

[9:21:37:287]Message:开始初始化frm

[9:21:37:352]Message:开始启动endpoint

[9:21:37:352]Message:GetRemoteEp

[9:21:37:353]Message:GetRemoteEp_fe80::2983:23c0:70f4:fde5%11

[9:21:37:353]Message:GetRemoteEp_fe80::75a5:7bfd:60ca:353%13

[9:21:37:353]Message:GetRemoteEp_192.168.1.232

[9:21:37:354]Message:启动endpoint成功

[9:21:37:354]Message:GetRemoteEp

[9:21:37:355]Message:GetRemoteEp_fe80::2983:23c0:70f4:fde5%11

[9:21:37:355]Message:GetRemoteEp_fe80::75a5:7bfd:60ca:353%13

[9:21:37:355]Message:GetRemoteEp_192.168.1.232

[9:21:37:375]Message:要打开的文件编号:2016082200300005

[9:21:37:385]Message:初始化frm成功

[9:21:41:783]Message:listView2_DoubleClick:2016082200300006

[9:21:46:550]Message:listView2_DoubleClick:2016082200300007

[9:23:37:580]Message:g1

[9:23:37:582]Message:领取任务编号:2016082200300005

[9:23:37:591]Message:g2

[9:23:37:591]Message:g3

[9:23:39:202]Message:开始初始化frm

[9:23:39:620]Message:开始启动endpoint

[9:23:39:623]Message:GetRemoteEp

[9:23:39:627]Message:GetRemoteEp_fe80::2983:23c0:70f4:fde5%11

[9:23:39:628]Message:GetRemoteEp_fe80::75a5:7bfd:60ca:353%13

[9:23:39:628]Message:GetRemoteEp_192.168.1.232

[9:23:39:628]Message:启动endpoint成功

[9:23:39:629]Message:GetRemoteEp

[9:23:39:629]Message:GetRemoteEp_fe80::2983:23c0:70f4:fde5%11

[9:23:39:630]Message:GetRemoteEp_fe80::75a5:7bfd:60ca:353%13

[9:23:39:630]Message:GetRemoteEp_192.168.1.232

[9:23:39:659]Message:要打开的文件编号:2016082200300005

[9:23:39:677]Message:初始化frm成功

[9:23:43:251]Message:listView2_DoubleClick:2016082200300007

[9:23:47:159]Message:listView2_DoubleClick:2016082200300008

[9:23:50:329]Message:listView2_DoubleClick:2016082200300005

[9:23:53:448]Message:listView2_DoubleClick:2016082200300006

[9:23:58:296]Message:listView2_DoubleClick:2016082200300008

[9:24:2:350]Message:后台线程运行错误:正在中止线程。

[9:24:22:992]Message:g1

[9:24:22:995]Message:领取任务编号:2016082200300005

[9:24:23:6]Message:g2

[9:24:23:6]Message:g3

[9:24:23:704]Message:开始初始化frm

[9:24:24:78]Message:开始启动endpoint

[9:24:24:81]Message:GetRemoteEp

[9:24:24:85]Message:GetRemoteEp_fe80::2983:23c0:70f4:fde5%11

[9:24:24:85]Message:GetRemoteEp_fe80::75a5:7bfd:60ca:353%13

[9:24:24:85]Message:GetRemoteEp_192.168.1.232

[9:24:24:86]Message:启动endpoint成功

[9:24:24:86]Message:GetRemoteEp

[9:24:24:87]Message:GetRemoteEp_fe80::2983:23c0:70f4:fde5%11

[9:24:24:87]Message:GetRemoteEp_fe80::75a5:7bfd:60ca:353%13

[9:24:24:87]Message:GetRemoteEp_192.168.1.232

[9:24:24:112]Message:要打开的文件编号:2016082200300005

[9:24:24:130]Message:初始化frm成功

[9:24:26:896]Message:listView2_DoubleClick:2016082200300006

[9:24:30:670]Message:后台线程运行错误:正在中止线程。

[9:24:43:521]Message:g1

[9:24:43:523]Message:领取任务编号:2016082200300005

[9:24:43:532]Message:g2

[9:24:43:533]Message:g3

[9:24:44:106]Message:开始初始化frm

[9:24:44:478]Message:开始启动endpoint

[9:24:44:481]Message:GetRemoteEp

[9:24:44:485]Message:GetRemoteEp_fe80::2983:23c0:70f4:fde5%11

[9:24:44:486]Message:GetRemoteEp_fe80::75a5:7bfd:60ca:353%13

[9:24:44:486]Message:GetRemoteEp_192.168.1.232

[9:24:44:486]Message:启动endpoint成功

[9:24:44:487]Message:GetRemoteEp

[9:24:44:487]Message:GetRemoteEp_fe80::2983:23c0:70f4:fde5%11

[9:24:44:488]Message:GetRemoteEp_fe80::75a5:7bfd:60ca:353%13

[9:24:44:488]Message:GetRemoteEp_192.168.1.232

[9:24:44:516]Message:要打开的文件编号:2016082200300005

[9:24:44:535]Message:初始化frm成功

[9:24:45:560]Message:listView2_DoubleClick:2016082200300006

[9:25:6:37]Message:cc1

[9:25:6:37]Message:cc2

[9:25:6:153]Message:cc3

[9:25:6:170]Message:cc4

[9:25:6:186]Message:cc5

[9:25:6:187]Message:cc6

[9:25:6:187]Message:{"ArticleCode":"2016082200300006","Code":"20160822003","LineId":"6","PostId":"2062","TaskComeTime":"2016-08-23 08:59:00","WorkPath":"D:\\work\\53002\\20160823\\131163876229304835\\6\\2062\\20160822003"}

[9:25:6:210]Message:callback

[9:25:6:343]Message:远程主机强迫关闭了一个现有的连接。

[9:25:11:951]Message:listView2_DoubleClick:2016082200300008

[9:25:13:511]Message:listView2_DoubleClick:2016082200300005

[9:25:15:679]Message:listView2_DoubleClick:2016082200300006

[9:25:18:873]Message:listView2_DoubleClick:2016082200300008

[9:25:21:872]Message:listView2_DoubleClick:2016082200300007

[9:25:56:922]Message:g1

[9:25:56:938]Message:领取任务编号:2016082200300005

[9:25:56:954]Message:g2

[9:25:56:954]Message:g3

[9:25:58:617]Message:开始初始化frm

[9:25:59:37]Message:开始启动endpoint

[9:25:59:39]Message:GetRemoteEp

[9:25:59:44]Message:GetRemoteEp_fe80::2983:23c0:70f4:fde5%11

[9:25:59:44]Message:GetRemoteEp_fe80::75a5:7bfd:60ca:353%13

[9:25:59:44]Message:GetRemoteEp_192.168.1.232

[9:25:59:44]Message:启动endpoint成功

[9:25:59:45]Message:GetRemoteEp

[9:25:59:46]Message:GetRemoteEp_fe80::2983:23c0:70f4:fde5%11

[9:25:59:46]Message:GetRemoteEp_fe80::75a5:7bfd:60ca:353%13

[9:25:59:46]Message:GetRemoteEp_192.168.1.232

[9:25:59:80]Message:要打开的文件编号:2016082200300005

[9:25:59:99]Message:初始化frm成功

[9:26:0:601]Message:listView2_DoubleClick:2016082200300006

[9:26:0:981]Message:UpdateUi:尝试读取或写入受保护的内存。这通常指示其他内存已损坏。

[9:48:8:151]Message:g1

[9:48:8:151]Message:领取任务编号:2016082200300005

[9:48:8:166]Message:g2

[9:48:8:166]Message:g3

[9:48:8:913]Message:开始初始化frm

[9:48:9:325]Message:开始启动endpoint

[9:48:9:328]Message:GetRemoteEp

[9:48:9:333]Message:GetRemoteEp_fe80::2983:23c0:70f4:fde5%11

[9:48:9:333]Message:GetRemoteEp_fe80::75a5:7bfd:60ca:353%13

[9:48:9:333]Message:GetRemoteEp_192.168.1.232

[9:48:9:334]Message:启动endpoint成功

[9:48:9:334]Message:GetRemoteEp

[9:48:9:335]Message:GetRemoteEp_fe80::2983:23c0:70f4:fde5%11

[9:48:9:335]Message:GetRemoteEp_fe80::75a5:7bfd:60ca:353%13

[9:48:9:335]Message:GetRemoteEp_192.168.1.232

[9:48:9:367]Message:要打开的文件编号:2016082200300005

[9:48:9:387]Message:初始化frm成功

[9:48:13:138]Message:listView2_DoubleClick:2016082200300008

[9:48:15:97]Message:listView2_DoubleClick:2016082200300007

[9:48:17:200]Message:listView2_DoubleClick:2016082200300005

[9:48:18:992]Message:后台线程运行错误:正在中止线程。

